#
# A fatal error has been detected by the Java Runtime Environment:
#
#  SIGSEGV (0xb) at pc=0x00007f1c5a18b549, pid=7893, tid=7903
#
# JRE version: OpenJDK Runtime Environment Temurin-21.0.7+6 (21.0.7+6) (build 21.0.7+6-LTS)
# Java VM: OpenJDK 64-Bit Server VM Temurin-21.0.7+6 (21.0.7+6-LTS, mixed mode, sharing, tiered, compressed oops, compressed class ptrs, parallel gc, linux-amd64)
# Problematic frame:
# V  [libjvm.so+0x8da549]  IndexSet::free_block(unsigned int)+0x49
#
# Core dump will be written. Default location: Core dumps may be processed with "/lib/systemd/systemd-coredump %P %u %g %s %t 9223372036854775808 %h" (or dumping to /media/araneta/projects/postoko/apps/react-no-expo/core.7893)
#
# If you would like to submit a bug report, please visit:
#   https://github.com/adoptium/adoptium-support/issues
#

---------------  S U M M A R Y ------------

Command Line: --add-modules=ALL-SYSTEM --add-opens=java.base/java.util=ALL-UNNAMED --add-opens=java.base/java.lang=ALL-UNNAMED --add-opens=java.base/sun.nio.fs=ALL-UNNAMED -Declipse.application=org.eclipse.jdt.ls.core.id1 -Dosgi.bundles.defaultStartLevel=4 -Declipse.product=org.eclipse.jdt.ls.core.product -Djava.import.generatesMetadataFilesAtProjectRoot=false -DDetectVMInstallationsJob.disabled=true -Dfile.encoding=utf8 -XX:+UseParallelGC -XX:GCTimeRatio=4 -XX:AdaptiveSizePolicyWeight=90 -Dsun.zip.disableMemoryMapping=true -Xmx1G -Xms100m -Xlog:disable -javaagent:/home/araneta/.cursor/extensions/redhat.java-1.42.0-linux-x64/lombok/lombok-1.18.36.jar -XX:+HeapDumpOnOutOfMemoryError -XX:HeapDumpPath=/home/araneta/.config/Cursor/User/workspaceStorage/cda908fe1cb6b4d1cbafae49d538d517/redhat.java -Daether.dependencyCollector.impl=bf /home/araneta/.cursor/extensions/redhat.java-1.42.0-linux-x64/server/plugins/org.eclipse.equinox.launcher_1.7.0.v20250424-1814.jar -configuration /home/araneta/.config/Cursor/User/globalStorage/redhat.java/1.42.0/config_linux -data /home/araneta/.config/Cursor/User/workspaceStorage/cda908fe1cb6b4d1cbafae49d538d517/redhat.java/jdt_ws --pipe=/run/user/1000/lsp-e4fbc02683b820b6f573589bbcae7cf7.sock

Host: Intel(R) Core(TM) i3-4130 CPU @ 3.40GHz, 4 cores, 7G, Linux Mint 21.2 Victoria
Time: Thu Jun 19 06:49:46 2025 WIB elapsed time: 212.383487 seconds (0d 0h 3m 32s)

---------------  T H R E A D  ---------------

Current thread (0x00007f1c540f8a60):  JavaThread "C2 CompilerThread0" daemon [_thread_in_native, id=7903, stack(0x00007f1c411bd000,0x00007f1c412bd000) (1024K)]


Current CompileTask:
C2:212383 11058   !   4       org.eclipse.jdt.internal.core.search.indexing.BinaryIndexer::indexDocument (1168 bytes)

Stack: [0x00007f1c411bd000,0x00007f1c412bd000],  sp=0x00007f1c412b9000,  free space=1008k
Native frames: (J=compiled Java code, j=interpreted, Vv=VM code, C=native code)
V  [libjvm.so+0x8da549]  IndexSet::free_block(unsigned int)+0x49
V  [libjvm.so+0xb9048d]  PhaseLive::compute(unsigned int)+0x89d
V  [libjvm.so+0x5c5f05]  PhaseChaitin::Register_Allocate()+0x635
V  [libjvm.so+0x66dce6]  Compile::Code_Gen()+0x326
V  [libjvm.so+0x671e5d]  Compile::Compile(ciEnv*, ciMethod*, int, Options, DirectiveSet*)+0x151d
V  [libjvm.so+0x59865b]  C2Compiler::compile_method(ciEnv*, ciMethod*, int, bool, DirectiveSet*)+0x18b
V  [libjvm.so+0x677d0e]  CompileBroker::invoke_compiler_on_method(CompileTask*)+0xc9e
V  [libjvm.so+0x67b038]  CompileBroker::compiler_thread_loop()+0x738
V  [libjvm.so+0x928f78]  JavaThread::thread_main_inner()+0x1d8
V  [libjvm.so+0xf78c38]  Thread::call_run()+0xa8
V  [libjvm.so+0xd0487a]  thread_native_entry(Thread*)+0xda

siginfo: si_signo: 11 (SIGSEGV), si_code: 1 (SEGV_MAPERR), si_addr: 0x00007f0c5addcb60

Registers:
RAX=0x00007f1bd0000d38, RBX=0x0000000000000029, RCX=0x00007f1c5addcb60, RDX=0x00007f1bd1a42a80
RSP=0x00007f1c412b9000, RBP=0x00007f1c412b9020, RSI=0x0000000000000029, RDI=0x00007f1c5ad943c0
R8 =0x00007f1c412b90e0, R9 =0x00007f1bd18916c0, R10=0x0000000000000000, R11=0x00007f1c5addcb60
R12=0x00007f1bd27a43a0, R13=0x00007f0c5addcb60, R14=0x0000000000000314, R15=0x00007f1c412b92c0
RIP=0x00007f1c5a18b549, EFLAGS=0x0000000000010202, CSGSFS=0x002b000000000033, ERR=0x0000000000000006
  TRAPNO=0x000000000000000e

XMM[0]=0x0000000000000000 0x0000000000000000
XMM[1]=0xffffffffffffffff 0xffffffffffffffff
XMM[2]=0xffffffffffffffff 0xffffffffffffffff
XMM[3]=0xffffffffffffffff 0xffffffffffffffff
XMM[4]=0xffffffffffffffff 0xffffffffffffffff
XMM[5]=0xffffffffffffffff 0xffffffffffffffff
XMM[6]=0xffffffffffffffff 0xffffffffffffffff
XMM[7]=0xffffffffffcfffff 0xffffffffffffffff
XMM[8]=0x00007f1bd1b8f020 0x00007f1bd1b8f020
XMM[9]=0x00007f1bd4163cc0 0x00007f1bd4163c60
XMM[10]=0x00007f1bd4163660 0x00007f1bd4163720
XMM[11]=0x00007f1bd41636c0 0x00007f1bd4163780
XMM[12]=0x00007f1bd4163600 0x00007f1bd41635a0
XMM[13]=0x0000000000000000 0x00007f1bd4163a80
XMM[14]=0x0000000000000000 0x00007f1bd4163b40
XMM[15]=0x0000000000000000 0x00007f1bd4163c00
  MXCSR=0x00001fa2


Register to memory mapping:

RAX=0x00007f1bd0000d38 points into unknown readable memory: 0x00007f1c540f8a60 | 60 8a 0f 54 1c 7f 00 00
RBX=0x0000000000000029 is an unknown value
RCX=0x00007f1c5addcb60: <offset 0x000000000152bb60> in /home/araneta/.cursor/extensions/redhat.java-1.42.0-linux-x64/jre/21.0.7-linux-x86_64/lib/server/libjvm.so at 0x00007f1c598b1000
RDX=0x00007f1bd1a42a80 points into unknown readable memory: 0x00007f1bd14af5e0 | e0 f5 4a d1 1b 7f 00 00
RSP=0x00007f1c412b9000 is pointing into the stack for thread: 0x00007f1c540f8a60
RBP=0x00007f1c412b9020 is pointing into the stack for thread: 0x00007f1c540f8a60
RSI=0x0000000000000029 is an unknown value
RDI=0x00007f1c5ad943c0: <offset 0x00000000014e33c0> in /home/araneta/.cursor/extensions/redhat.java-1.42.0-linux-x64/jre/21.0.7-linux-x86_64/lib/server/libjvm.so at 0x00007f1c598b1000
R8 =0x00007f1c412b90e0 is pointing into the stack for thread: 0x00007f1c540f8a60
R9 =0x00007f1bd18916c0 points into unknown readable memory: 0x00007f1c5acc1d90 | 90 1d cc 5a 1c 7f 00 00
R10=0x0 is null
R11=0x00007f1c5addcb60: <offset 0x000000000152bb60> in /home/araneta/.cursor/extensions/redhat.java-1.42.0-linux-x64/jre/21.0.7-linux-x86_64/lib/server/libjvm.so at 0x00007f1c598b1000
R12=0x00007f1bd27a43a0 points into unknown readable memory: 0x0000003a00000000 | 00 00 00 00 3a 00 00 00
R13=0x00007f0c5addcb60 is an unknown value
R14=0x0000000000000314 is an unknown value
R15=0x00007f1c412b92c0 is pointing into the stack for thread: 0x00007f1c540f8a60

Top of Stack: (sp=0x00007f1c412b9000)
0x00007f1c412b9000:   0000000000000000 000000000000002a
0x00007f1c412b9010:   00007f1bd27a43a0 00007f1c5addcb60
0x00007f1c412b9020:   00007f1c412b9130 00007f1c5a44148d
0x00007f1c412b9030:   00007f1bd1fae310 00007f1bd1fce320
0x00007f1c412b9040:   00007f1bd2093e88 00007f1bd1fce320
0x00007f1c412b9050:   00007f1bd1fce320 0000000000304938
0x00007f1c412b9060:   00007f1bd1fae310 00007f1c540f6f00
0x00007f1c412b9070:   00007f1c412b90e0 00007f1bd2785720
0x00007f1c412b9080:   fffffffffffffff8 0000000000000000
0x00007f1c412b9090:   00007f1bd161c990 00007f1b00000001
0x00007f1c412b90a0:   0000000000000780 00007f1c412b90e0
0x00007f1c412b90b0:   00007f1c412b92c0 00007f1c00000314
0x00007f1c412b90c0:   00007f1c00000008 00007f1c540f6f00
0x00007f1c412b90d0:   00007f1bd161c6c8 00007f1b00000000
0x00007f1c412b90e0:   00007f1b00000080 00007f1bd1b50f70
0x00007f1c412b90f0:   00007f1b00000080 00007f1c540f6f00
0x00007f1c412b9100:   00007f1c412b91f0 00007f1c412b9530
0x00007f1c412b9110:   00007f1c412b91f0 00007f1c412b9320
0x00007f1c412b9120:   00007f1c412b91f0 00007f1c412b92c0
0x00007f1c412b9130:   00007f1c412b9410 00007f1c59e76f05
0x00007f1c412b9140:   00007f1bd0000090 0000000000000000
0x00007f1c412b9150:   00000000000003d8 00007f1bd4de6ea0
0x00007f1c412b9160:   00007f1c412b91c0 00007f1c412b9220
0x00007f1c412b9170:   00007f1c412b9260 00007f1bd4de6eb0
0x00007f1c412b9180:   00007f1bd4de6ea0 00007f1bd4de6eb0
0x00007f1c412b9190:   00007f1c412b91f0 00007f1bd4de6ea0
0x00007f1c412b91a0:   00007f1bd4de6eb0 00007f1bd4de7288
0x00007f1c412b91b0:   00000000000003d8 000000780000007c
0x00007f1c412b91c0:   000000c500000007 00007f1bd4de7ed0
0x00007f1c412b91d0:   00007f1bd4de7ed0 00007f1bd4de7ee0
0x00007f1c412b91e0:   00007f1bd4de82b8 00000000000003d8
0x00007f1c412b91f0:   00007f1c412b9207 00007f1bd4de6ea0 

Instructions: (pc=0x00007f1c5a18b549)
0x00007f1c5a18b449:   85 e4 74 43 49 8b 04 24 66 0f ef c0 49 89 86 d8
0x00007f1c5a18b459:   08 00 00 89 d8 41 0f 11 04 24 c1 e8 08 41 0f 11
0x00007f1c5a18b469:   44 24 10 41 39 45 04 77 07 8d 50 01 41 89 55 04
0x00007f1c5a18b479:   49 8b 55 08 4c 89 24 c2 4c 89 e0 5b 41 5c 41 5d
0x00007f1c5a18b489:   41 5e 5d c3 0f 1f 00 49 8b be d0 08 00 00 48 8b
0x00007f1c5a18b499:   47 18 48 8b 57 20 48 29 c2 48 81 fa 5f 06 00 00
0x00007f1c5a18b4a9:   76 47 48 8d 90 60 06 00 00 48 89 57 18 48 8d 48
0x00007f1c5a18b4b9:   20 48 83 e1 e0 48 8d 91 40 06 00 00 48 89 c8 0f
0x00007f1c5a18b4c9:   1f 84 00 00 00 00 00 4c 89 20 49 89 c4 48 8d 40
0x00007f1c5a18b4d9:   20 48 39 d0 75 f1 4c 8d a1 20 06 00 00 4d 89 a6
0x00007f1c5a18b4e9:   d8 08 00 00 e9 5b ff ff ff 31 d2 be 60 06 00 00
0x00007f1c5a18b4f9:   e8 d2 9d b6 ff eb b6 55 48 89 e5 41 55 41 54 49
0x00007f1c5a18b509:   89 fc 53 89 f3 48 83 ec 08 48 8b 47 08 4c 8b 2c
0x00007f1c5a18b519:   d8 66 48 8d 3d 9e 8e c0 00 66 66 48 e8 76 82 9c
0x00007f1c5a18b529:   ff 48 8d 0d 2f 16 c5 00 48 8b 10 48 8b 92 00 07
0x00007f1c5a18b539:   00 00 48 8b 92 80 00 00 00 48 8b 92 d8 08 00 00
0x00007f1c5a18b549:   49 89 55 00 48 8b 00 48 8b 80 00 07 00 00 48 8b
0x00007f1c5a18b559:   80 80 00 00 00 4c 89 a8 d8 08 00 00 49 8b 44 24
0x00007f1c5a18b569:   08 48 89 0c d8 48 83 c4 08 5b 41 5c 41 5d 5d c3
0x00007f1c5a18b579:   90 66 0f 1f 44 00 00 55 48 89 f1 48 89 e5 41 57
0x00007f1c5a18b589:   49 89 ff 41 56 41 55 41 54 53 48 83 ec 18 48 8b
0x00007f1c5a18b599:   06 8b 9e 90 00 00 00 48 89 07 89 9f 90 00 00 00
0x00007f1c5a18b5a9:   83 fb 10 0f 87 46 01 00 00 48 8d 47 10 48 89 47
0x00007f1c5a18b5b9:   08 45 31 e4 4c 8d 05 9c 15 c5 00 85 db 0f 85 85
0x00007f1c5a18b5c9:   00 00 00 e9 a9 00 00 00 0f 1f 80 00 00 00 00 48
0x00007f1c5a18b5d9:   89 4d c8 66 48 8d 3d dc 8d c0 00 66 66 48 e8 b4
0x00007f1c5a18b5e9:   81 9c ff 48 8b 4d c8 4c 8d 05 69 15 c5 00 48 8b
0x00007f1c5a18b5f9:   00 48 8b 80 00 07 00 00 4c 8b 88 80 00 00 00 49
0x00007f1c5a18b609:   8b 99 d8 08 00 00 48 85 db 74 7c 48 8b 03 66 0f
0x00007f1c5a18b619:   ef c0 41 83 c4 01 49 89 81 d8 08 00 00 0f 11 03
0x00007f1c5a18b629:   0f 11 43 10 f3 41 0f 6f 4d 00 0f 11 0b f3 41 0f
0x00007f1c5a18b639:   6f 55 10 0f 11 53 10 49 8b 47 08 4a 89 1c f0 45 


Stack slot to memory mapping:

stack at sp + 0 slots: 0x0 is null
stack at sp + 1 slots: 0x000000000000002a is an unknown value
stack at sp + 2 slots: 0x00007f1bd27a43a0 points into unknown readable memory: 0x0000003a00000000 | 00 00 00 00 3a 00 00 00
stack at sp + 3 slots: 0x00007f1c5addcb60: <offset 0x000000000152bb60> in /home/araneta/.cursor/extensions/redhat.java-1.42.0-linux-x64/jre/21.0.7-linux-x86_64/lib/server/libjvm.so at 0x00007f1c598b1000
stack at sp + 4 slots: 0x00007f1c412b9130 is pointing into the stack for thread: 0x00007f1c540f8a60
stack at sp + 5 slots: 0x00007f1c5a44148d: <offset 0x0000000000b9048d> in /home/araneta/.cursor/extensions/redhat.java-1.42.0-linux-x64/jre/21.0.7-linux-x86_64/lib/server/libjvm.so at 0x00007f1c598b1000
stack at sp + 6 slots: 0x00007f1bd1fae310 points into unknown readable memory: 0x00007f1bd2785710 | 10 57 78 d2 1b 7f 00 00
stack at sp + 7 slots: 0x00007f1bd1fce320 points into unknown readable memory: 0x00000bb6ffffffff | ff ff ff ff b6 0b 00 00


---------------  P R O C E S S  ---------------

Threads class SMR info:
_java_thread_list=0x00007f1b8c0ec1a0, length=45, elements={
0x00007f1c5402a690, 0x00007f1c540f1780, 0x00007f1c540f2cb0, 0x00007f1c540f4400,
0x00007f1c540f5a00, 0x00007f1c540f6f60, 0x00007f1c540f8a60, 0x00007f1c540fa0e0,
0x00007f1c54112a80, 0x00007f1c5422cfa0, 0x00007f1c543e9630, 0x00007f1c544434e0,
0x00007f1bb401b020, 0x00007f1c54446540, 0x00007f1bac3915e0, 0x00007f1bac20db40,
0x00007f1bac22ed10, 0x00007f1bac1a9320, 0x00007f1bac1d8050, 0x00007f1bac9fa310,
0x00007f1b8c000ff0, 0x00007f1b84000ff0, 0x00007f1c54240850, 0x00005569d69e7df0,
0x00005569d69f2f70, 0x00007f1c544679b0, 0x00007f1c54468b30, 0x00007f1b80165420,
0x00007f1ba4005090, 0x00007f1b8009b7b0, 0x00005569d6aa1300, 0x00007f1b8009db00,
0x00007f1b8005ddb0, 0x00007f1b8005e9a0, 0x00007f1b800ba060, 0x00007f1b80042890,
0x00007f1b8019b7a0, 0x00007f1b90586de0, 0x00007f1b9059f920, 0x00007f1b942595c0,
0x00007f1b94132e30, 0x00005569d6aa23f0, 0x00005569d69ec350, 0x00005569d69edd50,
0x00005569d69ecfb0
}

Java Threads: ( => current thread )
  0x00007f1c5402a690 JavaThread "main"                              [_thread_blocked, id=7894, stack(0x00007f1c596c5000,0x00007f1c597c5000) (1024K)]
  0x00007f1c540f1780 JavaThread "Reference Handler"          daemon [_thread_blocked, id=7898, stack(0x00007f1c416bd000,0x00007f1c417bd000) (1024K)]
  0x00007f1c540f2cb0 JavaThread "Finalizer"                  daemon [_thread_blocked, id=7899, stack(0x00007f1c415bd000,0x00007f1c416bd000) (1024K)]
  0x00007f1c540f4400 JavaThread "Signal Dispatcher"          daemon [_thread_blocked, id=7900, stack(0x00007f1c414bd000,0x00007f1c415bd000) (1024K)]
  0x00007f1c540f5a00 JavaThread "Service Thread"             daemon [_thread_blocked, id=7901, stack(0x00007f1c413bd000,0x00007f1c414bd000) (1024K)]
  0x00007f1c540f6f60 JavaThread "Monitor Deflation Thread"   daemon [_thread_blocked, id=7902, stack(0x00007f1c412bd000,0x00007f1c413bd000) (1024K)]
=>0x00007f1c540f8a60 JavaThread "C2 CompilerThread0"         daemon [_thread_in_native, id=7903, stack(0x00007f1c411bd000,0x00007f1c412bd000) (1024K)]
  0x00007f1c540fa0e0 JavaThread "C1 CompilerThread0"         daemon [_thread_blocked, id=7904, stack(0x00007f1c410bd000,0x00007f1c411bd000) (1024K)]
  0x00007f1c54112a80 JavaThread "Common-Cleaner"             daemon [_thread_blocked, id=7905, stack(0x00007f1c40fbd000,0x00007f1c410bd000) (1024K)]
  0x00007f1c5422cfa0 JavaThread "Notification Thread"        daemon [_thread_blocked, id=7909, stack(0x00007f1c40d6c000,0x00007f1c40e6c000) (1024K)]
  0x00007f1c543e9630 JavaThread "Active Thread: Equinox Container: 49a54e6d-dca3-4fe7-aa45-8153c50f1824"        [_thread_blocked, id=7936, stack(0x00007f1c40969000,0x00007f1c40a69000) (1024K)]
  0x00007f1c544434e0 JavaThread "Refresh Thread: Equinox Container: 49a54e6d-dca3-4fe7-aa45-8153c50f1824" daemon [_thread_blocked, id=7940, stack(0x00007f1c40869000,0x00007f1c40969000) (1024K)]
  0x00007f1bb401b020 JavaThread "Framework Event Dispatcher: Equinox Container: 49a54e6d-dca3-4fe7-aa45-8153c50f1824" daemon [_thread_blocked, id=7941, stack(0x00007f1c40755000,0x00007f1c40855000) (1024K)]
  0x00007f1c54446540 JavaThread "Start Level: Equinox Container: 49a54e6d-dca3-4fe7-aa45-8153c50f1824" daemon [_thread_blocked, id=7942, stack(0x00007f1c40655000,0x00007f1c40755000) (1024K)]
  0x00007f1bac3915e0 JavaThread "Bundle File Closer"         daemon [_thread_blocked, id=7946, stack(0x00007f1c40555000,0x00007f1c40655000) (1024K)]
  0x00007f1bac20db40 JavaThread "SCR Component Actor"        daemon [_thread_blocked, id=7949, stack(0x00007f1c40455000,0x00007f1c40555000) (1024K)]
  0x00007f1bac22ed10 JavaThread "Worker-JM"                         [_thread_blocked, id=7965, stack(0x00007f1c40e6c000,0x00007f1c40f6c000) (1024K)]
  0x00007f1bac1a9320 JavaThread "Worker-0: Java indexing... "        [_thread_blocked, id=7968, stack(0x00007f1c40155000,0x00007f1c40255000) (1024K)]
  0x00007f1bac1d8050 JavaThread "Worker-1"                          [_thread_blocked, id=7969, stack(0x00007f1c40055000,0x00007f1c40155000) (1024K)]
  0x00007f1bac9fa310 JavaThread "Java indexing"              daemon [_thread_in_Java, id=8031, stack(0x00007f1bf8f00000,0x00007f1bf9000000) (1024K)]
  0x00007f1b8c000ff0 JavaThread "Worker-3"                          [_thread_blocked, id=8036, stack(0x00007f1bf8d00000,0x00007f1bf8e00000) (1024K)]
  0x00007f1b84000ff0 JavaThread "Worker-5: Check JDK Index"         [_thread_blocked, id=8042, stack(0x00007f1bf8b00000,0x00007f1bf8c00000) (1024K)]
  0x00007f1c54240850 JavaThread "pool-2-thread-1"                   [_thread_blocked, id=8043, stack(0x00007f1bf8a00000,0x00007f1bf8b00000) (1024K)]
  0x00005569d69e7df0 JavaThread "Timer-0"                           [_thread_blocked, id=8048, stack(0x00007f1bf8900000,0x00007f1bf8a00000) (1024K)]
  0x00005569d69f2f70 JavaThread "Timer-1"                           [_thread_blocked, id=8049, stack(0x00007f1bf8633000,0x00007f1bf8733000) (1024K)]
  0x00007f1c544679b0 JavaThread "WorkspaceEventsHandler"            [_thread_blocked, id=8055, stack(0x00007f1bf8800000,0x00007f1bf8900000) (1024K)]
  0x00007f1c54468b30 JavaThread "pool-1-thread-1"                   [_thread_blocked, id=8056, stack(0x00007f1bf8317000,0x00007f1bf8417000) (1024K)]
  0x00007f1b80165420 JavaThread "Timer-2"                           [_thread_blocked, id=8069, stack(0x00007f1bf8533000,0x00007f1bf8633000) (1024K)]
  0x00007f1ba4005090 JavaThread "process reaper (pid 8133)"  daemon [_thread_in_native, id=8078, stack(0x00007f1c40021000,0x00007f1c40043000) (136K)]
  0x00007f1b8009b7b0 JavaThread "Timer-3"                           [_thread_blocked, id=8121, stack(0x00007f1bf8433000,0x00007f1bf8533000) (1024K)]
  0x00005569d6aa1300 JavaThread "Timer-4"                           [_thread_blocked, id=8123, stack(0x00007f1bf8217000,0x00007f1bf8317000) (1024K)]
  0x00007f1b8009db00 JavaThread "Timer-5"                           [_thread_blocked, id=8124, stack(0x00007f1b7fb00000,0x00007f1b7fc00000) (1024K)]
  0x00007f1b8005ddb0 JavaThread "Timer-6"                           [_thread_blocked, id=8125, stack(0x00007f1b7fa00000,0x00007f1b7fb00000) (1024K)]
  0x00007f1b8005e9a0 JavaThread "Timer-7"                           [_thread_blocked, id=8127, stack(0x00007f1b7f900000,0x00007f1b7fa00000) (1024K)]
  0x00007f1b800ba060 JavaThread "Timer-8"                           [_thread_blocked, id=9187, stack(0x00007f1b7f800000,0x00007f1b7f900000) (1024K)]
  0x00007f1b80042890 JavaThread "Timer-9"                           [_thread_blocked, id=9189, stack(0x00007f1c40255000,0x00007f1c40355000) (1024K)]
  0x00007f1b8019b7a0 JavaThread "Timer-10"                          [_thread_blocked, id=9191, stack(0x00007f1b7f700000,0x00007f1b7f800000) (1024K)]
  0x00007f1b90586de0 JavaThread "Worker-6"                          [_thread_blocked, id=9234, stack(0x00007f1bf8017000,0x00007f1bf8117000) (1024K)]
  0x00007f1b9059f920 JavaThread "Worker-7"                          [_thread_blocked, id=9235, stack(0x00007f1c40355000,0x00007f1c40455000) (1024K)]
  0x00007f1b942595c0 JavaThread "Worker-8"                          [_thread_blocked, id=9236, stack(0x00007f1b7f500000,0x00007f1b7f600000) (1024K)]
  0x00007f1b94132e30 JavaThread "ForkJoinPool.commonPool-worker-1" daemon [_thread_blocked, id=9276, stack(0x00007f1bf8117000,0x00007f1bf8217000) (1024K)]
  0x00005569d6aa23f0 JavaThread "Timer-11"                          [_thread_blocked, id=9277, stack(0x00007f1bf8c00000,0x00007f1bf8d00000) (1024K)]
  0x00005569d69ec350 JavaThread "Timer-12"                          [_thread_blocked, id=9279, stack(0x00007f1b7ff00000,0x00007f1b80000000) (1024K)]
  0x00005569d69edd50 JavaThread "Timer-13"                          [_thread_blocked, id=9344, stack(0x00007f1b7f600000,0x00007f1b7f700000) (1024K)]
  0x00005569d69ecfb0 JavaThread "Timer-14"                          [_thread_blocked, id=9427, stack(0x00007f1b7774c000,0x00007f1b7784c000) (1024K)]
Total: 45

Other Threads:
  0x00007f1c540e8060 VMThread "VM Thread"                           [id=7897, stack(0x00007f1c41d32000,0x00007f1c41e32000) (1024K)]
  0x00007f1c54052210 WatcherThread "VM Periodic Task Thread"        [id=7896, stack(0x00007f1c58c0f000,0x00007f1c58d0f000) (1024K)]
  0x00007f1c54043280 WorkerThread "GC Thread#0"                     [id=7895, stack(0x00007f1c59197000,0x00007f1c59297000) (1024K)]
  0x00007f1be8001160 WorkerThread "GC Thread#1"                     [id=7931, stack(0x00007f1c40c6c000,0x00007f1c40d6c000) (1024K)]
  0x00007f1be8002f90 WorkerThread "GC Thread#2"                     [id=7932, stack(0x00007f1c40b6b000,0x00007f1c40c6b000) (1024K)]
  0x00007f1be8003a00 WorkerThread "GC Thread#3"                     [id=7933, stack(0x00007f1c40a6a000,0x00007f1c40b6a000) (1024K)]
Total: 6

Threads with active compile tasks:
C2 CompilerThread0  212391 11058   !   4       org.eclipse.jdt.internal.core.search.indexing.BinaryIndexer::indexDocument (1168 bytes)
Total: 1

VM state: not at safepoint (normal execution)

VM Mutex/Monitor currently owned by a thread: None

Heap address: 0x00000000c0000000, size: 1024 MB, Compressed Oops mode: 32-bit

CDS archive(s) mapped at: [0x00007f1bf9000000-0x00007f1bf9bb6000-0x00007f1bf9bb6000), size 12279808, SharedBaseAddress: 0x00007f1bf9000000, ArchiveRelocationMode: 1.
Compressed class space mapped at: 0x00007f1bfa000000-0x00007f1c3a000000, reserved size: 1073741824
Narrow klass base: 0x00007f1bf9000000, Narrow klass shift: 0, Narrow klass range: 0x100000000

GC Precious Log:
 CardTable entry size: 512
 CPUs: 4 total, 4 available
 Memory: 7819M
 Large Page Support: Disabled
 NUMA Support: Disabled
 Compressed Oops: Enabled (32-bit)
 Alignments: Space 512K, Generation 512K, Heap 2M
 Heap Min Capacity: 100M
 Heap Initial Capacity: 100M
 Heap Max Capacity: 1G
 Pre-touch: Disabled
 Parallel Workers: 4

Heap:
 PSYoungGen      total 5120K, used 2951K [0x00000000eab00000, 0x00000000eb200000, 0x0000000100000000)
  eden space 4608K, 59% used [0x00000000eab00000,0x00000000eadb1fc0,0x00000000eaf80000)
  from space 512K, 37% used [0x00000000eb180000,0x00000000eb1b0000,0x00000000eb200000)
  to   space 1024K, 0% used [0x00000000eb000000,0x00000000eb000000,0x00000000eb100000)
 ParOldGen       total 526848K, used 526336K [0x00000000c0000000, 0x00000000e0280000, 0x00000000eab00000)
  object space 526848K, 99% used [0x00000000c0000000,0x00000000e02001d0,0x00000000e0280000)
 Metaspace       used 75260K, committed 76736K, reserved 1179648K
  class space    used 8932K, committed 9600K, reserved 1048576K

Card table byte_map: [0x00007f1c59297000,0x00007f1c59498000] _byte_map_base: 0x00007f1c58c97000

Marking Bits: (ParMarkBitMap*) 0x00007f1c5adfcea0
 Begin Bits: [0x00007f1c3a000000, 0x00007f1c3b000000)
 End Bits:   [0x00007f1c3b000000, 0x00007f1c3c000000)

Polling page: 0x00007f1c5b076000

Metaspace:

Usage:
  Non-class:     64.77 MB used.
      Class:      8.72 MB used.
       Both:     73.50 MB used.

Virtual space:
  Non-class space:      128.00 MB reserved,      65.56 MB ( 51%) committed,  2 nodes.
      Class space:        1.00 GB reserved,       9.38 MB ( <1%) committed,  1 nodes.
             Both:        1.12 GB reserved,      74.94 MB (  7%) committed. 

Chunk freelists:
   Non-Class:  14.02 MB
       Class:  6.60 MB
        Both:  20.61 MB

MaxMetaspaceSize: unlimited
CompressedClassSpaceSize: 1.00 GB
Initial GC threshold: 21.00 MB
Current GC threshold: 97.31 MB
CDS: on
 - commit_granule_bytes: 65536.
 - commit_granule_words: 8192.
 - virtual_space_node_default_size: 8388608.
 - enlarge_chunks_in_place: 1.
 - use_allocation_guard: 0.


Internal statistics:

num_allocs_failed_limit: 9.
num_arena_births: 1326.
num_arena_deaths: 14.
num_vsnodes_births: 3.
num_vsnodes_deaths: 0.
num_space_committed: 1199.
num_space_uncommitted: 0.
num_chunks_returned_to_freelist: 23.
num_chunks_taken_from_freelist: 4654.
num_chunk_merges: 12.
num_chunk_splits: 2880.
num_chunks_enlarged: 1640.
num_inconsistent_stats: 0.

CodeHeap 'non-profiled nmethods': size=120032Kb used=7388Kb max_used=7388Kb free=112644Kb
 bounds [0x00007f1c498fa000, 0x00007f1c4a03a000, 0x00007f1c50e32000]
CodeHeap 'profiled nmethods': size=120028Kb used=22301Kb max_used=22301Kb free=97727Kb
 bounds [0x00007f1c41e32000, 0x00007f1c43402000, 0x00007f1c49369000]
CodeHeap 'non-nmethods': size=5700Kb used=1436Kb max_used=1503Kb free=4263Kb
 bounds [0x00007f1c49369000, 0x00007f1c495d9000, 0x00007f1c498fa000]
 total_blobs=11722 nmethods=10961 adapters=668
 compilation: enabled
              stopped_count=0, restarted_count=0
 full_count=0

Compilation events (20 events):
Event: 211.914 Thread 0x00007f1c540fa0e0 11769  s    2       org.eclipse.jdt.internal.core.search.indexing.IndexManager::computeIndexLocation (116 bytes)
Event: 211.916 Thread 0x00007f1c540fa0e0 nmethod 11769 0x00007f1c433e8a90 code [0x00007f1c433e8e00, 0x00007f1c433e9b58]
Event: 211.945 Thread 0x00007f1c540fa0e0 11770       2       java.util.TimeZone::toZoneId (21 bytes)
Event: 211.945 Thread 0x00007f1c540fa0e0 nmethod 11770 0x00007f1c433ea490 code [0x00007f1c433ea620, 0x00007f1c433ea780]
Event: 211.953 Thread 0x00007f1c540fa0e0 11771       2       org.eclipse.jdt.internal.compiler.classfmt.AnnotationInfo::readTargetValue (322 bytes)
Event: 211.954 Thread 0x00007f1c540fa0e0 nmethod 11771 0x00007f1c433ea810 code [0x00007f1c433eaa40, 0x00007f1c433eb130]
Event: 211.969 Thread 0x00007f1c540fa0e0 11772       3       org.eclipse.jdt.internal.compiler.classfmt.TypeAnnotationInfo::<init> (445 bytes)
Event: 211.974 Thread 0x00007f1c540fa0e0 nmethod 11772 0x00007f1c433eb610 code [0x00007f1c433eb8c0, 0x00007f1c433ecde0]
Event: 212.147 Thread 0x00007f1c540fa0e0 11774       3       org.eclipse.jdt.internal.compiler.classfmt.MethodInfoWithTypeAnnotations::<init> (14 bytes)
Event: 212.147 Thread 0x00007f1c540fa0e0 nmethod 11774 0x00007f1c433ed590 code [0x00007f1c433ed740, 0x00007f1c433ed930]
Event: 212.166 Thread 0x00007f1c540fa0e0 11775       2       org.eclipse.jdt.internal.compiler.classfmt.ClassFileReader::decodeTypeAnnotations (144 bytes)
Event: 212.166 Thread 0x00007f1c540fa0e0 nmethod 11775 0x00007f1c433eda90 code [0x00007f1c433edc80, 0x00007f1c433ee310]
Event: 212.192 Thread 0x00007f1c540fa0e0 11776       3       org.eclipse.jdt.internal.core.search.indexing.BinaryIndexer::addBinaryStandardAnnotations (238 bytes)
Event: 212.195 Thread 0x00007f1c540fa0e0 nmethod 11776 0x00007f1c433ee610 code [0x00007f1c433eec60, 0x00007f1c433f2490]
Event: 212.298 Thread 0x00007f1c540fa0e0 11777       3       org.eclipse.jdt.internal.compiler.classfmt.MethodInfo::decodeTypeAnnotations (88 bytes)
Event: 212.298 Thread 0x00007f1c540fa0e0 nmethod 11777 0x00007f1c433f3710 code [0x00007f1c433f3900, 0x00007f1c433f3f68]
Event: 212.316 Thread 0x00007f1c540fa0e0 11778  s    2       java.io.ByteArrayOutputStream::reset (6 bytes)
Event: 212.316 Thread 0x00007f1c540fa0e0 nmethod 11778 0x00007f1c433f4210 code [0x00007f1c433f43a0, 0x00007f1c433f4560]
Event: 212.317 Thread 0x00007f1c540fa0e0 11779 % !   2       java.util.jar.Attributes::read @ 214 (494 bytes)
Event: 212.319 Thread 0x00007f1c540fa0e0 nmethod 11779% 0x00007f1c433f4610 code [0x00007f1c433f4b80, 0x00007f1c433f6ac0]

GC Heap History (20 events):
Event: 212.183 GC heap before
{Heap before GC invocations=445 (full 3):
 PSYoungGen      total 4096K, used 4029K [0x00000000eab00000, 0x00000000eb280000, 0x0000000100000000)
  eden space 3584K, 99% used [0x00000000eab00000,0x00000000eae7f6e0,0x00000000eae80000)
  from space 512K, 87% used [0x00000000eb180000,0x00000000eb1f0000,0x00000000eb200000)
  to   space 512K, 0% used [0x00000000eb200000,0x00000000eb200000,0x00000000eb280000)
 ParOldGen       total 521728K, used 521605K [0x00000000c0000000, 0x00000000dfd80000, 0x00000000eab00000)
  object space 521728K, 99% used [0x00000000c0000000,0x00000000dfd615c0,0x00000000dfd80000)
 Metaspace       used 75260K, committed 76736K, reserved 1179648K
  class space    used 8932K, committed 9600K, reserved 1048576K
}
Event: 212.186 GC heap after
{Heap after GC invocations=445 (full 3):
 PSYoungGen      total 5120K, used 416K [0x00000000eab00000, 0x00000000eb280000, 0x0000000100000000)
  eden space 4608K, 0% used [0x00000000eab00000,0x00000000eab00000,0x00000000eaf80000)
  from space 512K, 81% used [0x00000000eb200000,0x00000000eb268000,0x00000000eb280000)
  to   space 512K, 0% used [0x00000000eb180000,0x00000000eb180000,0x00000000eb200000)
 ParOldGen       total 522240K, used 521965K [0x00000000c0000000, 0x00000000dfe00000, 0x00000000eab00000)
  object space 522240K, 99% used [0x00000000c0000000,0x00000000dfdbb5c0,0x00000000dfe00000)
 Metaspace       used 75260K, committed 76736K, reserved 1179648K
  class space    used 8932K, committed 9600K, reserved 1048576K
}
Event: 212.197 GC heap before
{Heap before GC invocations=446 (full 3):
 PSYoungGen      total 5120K, used 5024K [0x00000000eab00000, 0x00000000eb280000, 0x0000000100000000)
  eden space 4608K, 100% used [0x00000000eab00000,0x00000000eaf80000,0x00000000eaf80000)
  from space 512K, 81% used [0x00000000eb200000,0x00000000eb268000,0x00000000eb280000)
  to   space 512K, 0% used [0x00000000eb180000,0x00000000eb180000,0x00000000eb200000)
 ParOldGen       total 522240K, used 521965K [0x00000000c0000000, 0x00000000dfe00000, 0x00000000eab00000)
  object space 522240K, 99% used [0x00000000c0000000,0x00000000dfdbb5c0,0x00000000dfe00000)
 Metaspace       used 75260K, committed 76736K, reserved 1179648K
  class space    used 8932K, committed 9600K, reserved 1048576K
}
Event: 212.200 GC heap after
{Heap after GC invocations=446 (full 3):
 PSYoungGen      total 5120K, used 480K [0x00000000eab00000, 0x00000000eb280000, 0x0000000100000000)
  eden space 4608K, 0% used [0x00000000eab00000,0x00000000eab00000,0x00000000eaf80000)
  from space 512K, 93% used [0x00000000eb180000,0x00000000eb1f8000,0x00000000eb200000)
  to   space 512K, 0% used [0x00000000eb200000,0x00000000eb200000,0x00000000eb280000)
 ParOldGen       total 522752K, used 522328K [0x00000000c0000000, 0x00000000dfe80000, 0x00000000eab00000)
  object space 522752K, 99% used [0x00000000c0000000,0x00000000dfe161d0,0x00000000dfe80000)
 Metaspace       used 75260K, committed 76736K, reserved 1179648K
  class space    used 8932K, committed 9600K, reserved 1048576K
}
Event: 212.211 GC heap before
{Heap before GC invocations=447 (full 3):
 PSYoungGen      total 5120K, used 5088K [0x00000000eab00000, 0x00000000eb280000, 0x0000000100000000)
  eden space 4608K, 100% used [0x00000000eab00000,0x00000000eaf80000,0x00000000eaf80000)
  from space 512K, 93% used [0x00000000eb180000,0x00000000eb1f8000,0x00000000eb200000)
  to   space 512K, 0% used [0x00000000eb200000,0x00000000eb200000,0x00000000eb280000)
 ParOldGen       total 522752K, used 522328K [0x00000000c0000000, 0x00000000dfe80000, 0x00000000eab00000)
  object space 522752K, 99% used [0x00000000c0000000,0x00000000dfe161d0,0x00000000dfe80000)
 Metaspace       used 75260K, committed 76736K, reserved 1179648K
  class space    used 8932K, committed 9600K, reserved 1048576K
}
Event: 212.213 GC heap after
{Heap after GC invocations=447 (full 3):
 PSYoungGen      total 5120K, used 512K [0x00000000eab00000, 0x00000000eb280000, 0x0000000100000000)
  eden space 4608K, 0% used [0x00000000eab00000,0x00000000eab00000,0x00000000eaf80000)
  from space 512K, 100% used [0x00000000eb200000,0x00000000eb280000,0x00000000eb280000)
  to   space 1536K, 0% used [0x00000000eaf80000,0x00000000eaf80000,0x00000000eb100000)
 ParOldGen       total 523264K, used 522768K [0x00000000c0000000, 0x00000000dff00000, 0x00000000eab00000)
  object space 523264K, 99% used [0x00000000c0000000,0x00000000dfe841d0,0x00000000dff00000)
 Metaspace       used 75260K, committed 76736K, reserved 1179648K
  class space    used 8932K, committed 9600K, reserved 1048576K
}
Event: 212.225 GC heap before
{Heap before GC invocations=448 (full 3):
 PSYoungGen      total 5120K, used 5120K [0x00000000eab00000, 0x00000000eb280000, 0x0000000100000000)
  eden space 4608K, 100% used [0x00000000eab00000,0x00000000eaf80000,0x00000000eaf80000)
  from space 512K, 100% used [0x00000000eb200000,0x00000000eb280000,0x00000000eb280000)
  to   space 1536K, 0% used [0x00000000eaf80000,0x00000000eaf80000,0x00000000eb100000)
 ParOldGen       total 523264K, used 522768K [0x00000000c0000000, 0x00000000dff00000, 0x00000000eab00000)
  object space 523264K, 99% used [0x00000000c0000000,0x00000000dfe841d0,0x00000000dff00000)
 Metaspace       used 75260K, committed 76736K, reserved 1179648K
  class space    used 8932K, committed 9600K, reserved 1048576K
}
Event: 212.229 GC heap after
{Heap after GC invocations=448 (full 3):
 PSYoungGen      total 6144K, used 480K [0x00000000eab00000, 0x00000000eb280000, 0x0000000100000000)
  eden space 4608K, 0% used [0x00000000eab00000,0x00000000eab00000,0x00000000eaf80000)
  from space 1536K, 31% used [0x00000000eaf80000,0x00000000eaff8000,0x00000000eb100000)
  to   space 1024K, 0% used [0x00000000eb180000,0x00000000eb180000,0x00000000eb280000)
 ParOldGen       total 523264K, used 523216K [0x00000000c0000000, 0x00000000dff00000, 0x00000000eab00000)
  object space 523264K, 99% used [0x00000000c0000000,0x00000000dfef41d0,0x00000000dff00000)
 Metaspace       used 75260K, committed 76736K, reserved 1179648K
  class space    used 8932K, committed 9600K, reserved 1048576K
}
Event: 212.247 GC heap before
{Heap before GC invocations=449 (full 3):
 PSYoungGen      total 6144K, used 5088K [0x00000000eab00000, 0x00000000eb280000, 0x0000000100000000)
  eden space 4608K, 100% used [0x00000000eab00000,0x00000000eaf80000,0x00000000eaf80000)
  from space 1536K, 31% used [0x00000000eaf80000,0x00000000eaff8000,0x00000000eb100000)
  to   space 1024K, 0% used [0x00000000eb180000,0x00000000eb180000,0x00000000eb280000)
 ParOldGen       total 523264K, used 523216K [0x00000000c0000000, 0x00000000dff00000, 0x00000000eab00000)
  object space 523264K, 99% used [0x00000000c0000000,0x00000000dfef41d0,0x00000000dff00000)
 Metaspace       used 75260K, committed 76736K, reserved 1179648K
  class space    used 8932K, committed 9600K, reserved 1048576K
}
Event: 212.249 GC heap after
{Heap after GC invocations=449 (full 3):
 PSYoungGen      total 5632K, used 544K [0x00000000eab00000, 0x00000000eb280000, 0x0000000100000000)
  eden space 4608K, 0% used [0x00000000eab00000,0x00000000eab00000,0x00000000eaf80000)
  from space 1024K, 53% used [0x00000000eb180000,0x00000000eb208000,0x00000000eb280000)
  to   space 1024K, 0% used [0x00000000eb080000,0x00000000eb080000,0x00000000eb180000)
 ParOldGen       total 523776K, used 523640K [0x00000000c0000000, 0x00000000dff80000, 0x00000000eab00000)
  object space 523776K, 99% used [0x00000000c0000000,0x00000000dff5e1d0,0x00000000dff80000)
 Metaspace       used 75260K, committed 76736K, reserved 1179648K
  class space    used 8932K, committed 9600K, reserved 1048576K
}
Event: 212.262 GC heap before
{Heap before GC invocations=450 (full 3):
 PSYoungGen      total 5632K, used 5151K [0x00000000eab00000, 0x00000000eb280000, 0x0000000100000000)
  eden space 4608K, 99% used [0x00000000eab00000,0x00000000eaf7fde0,0x00000000eaf80000)
  from space 1024K, 53% used [0x00000000eb180000,0x00000000eb208000,0x00000000eb280000)
  to   space 1024K, 0% used [0x00000000eb080000,0x00000000eb080000,0x00000000eb180000)
 ParOldGen       total 523776K, used 523640K [0x00000000c0000000, 0x00000000dff80000, 0x00000000eab00000)
  object space 523776K, 99% used [0x00000000c0000000,0x00000000dff5e1d0,0x00000000dff80000)
 Metaspace       used 75260K, committed 76736K, reserved 1179648K
  class space    used 8932K, committed 9600K, reserved 1048576K
}
Event: 212.264 GC heap after
{Heap after GC invocations=450 (full 3):
 PSYoungGen      total 5120K, used 512K [0x00000000eab00000, 0x00000000eb200000, 0x0000000100000000)
  eden space 4608K, 0% used [0x00000000eab00000,0x00000000eab00000,0x00000000eaf80000)
  from space 512K, 100% used [0x00000000eb080000,0x00000000eb100000,0x00000000eb100000)
  to   space 1024K, 0% used [0x00000000eb100000,0x00000000eb100000,0x00000000eb200000)
 ParOldGen       total 524288K, used 524104K [0x00000000c0000000, 0x00000000e0000000, 0x00000000eab00000)
  object space 524288K, 99% used [0x00000000c0000000,0x00000000dffd21d0,0x00000000e0000000)
 Metaspace       used 75260K, committed 76736K, reserved 1179648K
  class space    used 8932K, committed 9600K, reserved 1048576K
}
Event: 212.275 GC heap before
{Heap before GC invocations=451 (full 3):
 PSYoungGen      total 5120K, used 5120K [0x00000000eab00000, 0x00000000eb200000, 0x0000000100000000)
  eden space 4608K, 100% used [0x00000000eab00000,0x00000000eaf80000,0x00000000eaf80000)
  from space 512K, 100% used [0x00000000eb080000,0x00000000eb100000,0x00000000eb100000)
  to   space 1024K, 0% used [0x00000000eb100000,0x00000000eb100000,0x00000000eb200000)
 ParOldGen       total 524288K, used 524104K [0x00000000c0000000, 0x00000000e0000000, 0x00000000eab00000)
  object space 524288K, 99% used [0x00000000c0000000,0x00000000dffd21d0,0x00000000e0000000)
 Metaspace       used 75260K, committed 76736K, reserved 1179648K
  class space    used 8932K, committed 9600K, reserved 1048576K
}
Event: 212.277 GC heap after
{Heap after GC invocations=451 (full 3):
 PSYoungGen      total 5120K, used 512K [0x00000000eab00000, 0x00000000eb180000, 0x0000000100000000)
  eden space 4608K, 0% used [0x00000000eab00000,0x00000000eab00000,0x00000000eaf80000)
  from space 512K, 100% used [0x00000000eb100000,0x00000000eb180000,0x00000000eb180000)
  to   space 1024K, 0% used [0x00000000eaf80000,0x00000000eaf80000,0x00000000eb080000)
 ParOldGen       total 524800K, used 524608K [0x00000000c0000000, 0x00000000e0080000, 0x00000000eab00000)
  object space 524800K, 99% used [0x00000000c0000000,0x00000000e00501d0,0x00000000e0080000)
 Metaspace       used 75260K, committed 76736K, reserved 1179648K
  class space    used 8932K, committed 9600K, reserved 1048576K
}
Event: 212.291 GC heap before
{Heap before GC invocations=452 (full 3):
 PSYoungGen      total 5120K, used 5120K [0x00000000eab00000, 0x00000000eb180000, 0x0000000100000000)
  eden space 4608K, 100% used [0x00000000eab00000,0x00000000eaf80000,0x00000000eaf80000)
  from space 512K, 100% used [0x00000000eb100000,0x00000000eb180000,0x00000000eb180000)
  to   space 1024K, 0% used [0x00000000eaf80000,0x00000000eaf80000,0x00000000eb080000)
 ParOldGen       total 524800K, used 524608K [0x00000000c0000000, 0x00000000e0080000, 0x00000000eab00000)
  object space 524800K, 99% used [0x00000000c0000000,0x00000000e00501d0,0x00000000e0080000)
 Metaspace       used 75260K, committed 76736K, reserved 1179648K
  class space    used 8932K, committed 9600K, reserved 1048576K
}
Event: 212.293 GC heap after
{Heap after GC invocations=452 (full 3):
 PSYoungGen      total 5632K, used 512K [0x00000000eab00000, 0x00000000eb180000, 0x0000000100000000)
  eden space 4608K, 0% used [0x00000000eab00000,0x00000000eab00000,0x00000000eaf80000)
  from space 1024K, 50% used [0x00000000eaf80000,0x00000000eb000000,0x00000000eb080000)
  to   space 1024K, 0% used [0x00000000eb080000,0x00000000eb080000,0x00000000eb180000)
 ParOldGen       total 525312K, used 525048K [0x00000000c0000000, 0x00000000e0100000, 0x00000000eab00000)
  object space 525312K, 99% used [0x00000000c0000000,0x00000000e00be1d0,0x00000000e0100000)
 Metaspace       used 75260K, committed 76736K, reserved 1179648K
  class space    used 8932K, committed 9600K, reserved 1048576K
}
Event: 212.304 GC heap before
{Heap before GC invocations=453 (full 3):
 PSYoungGen      total 5632K, used 5120K [0x00000000eab00000, 0x00000000eb180000, 0x0000000100000000)
  eden space 4608K, 100% used [0x00000000eab00000,0x00000000eaf80000,0x00000000eaf80000)
  from space 1024K, 50% used [0x00000000eaf80000,0x00000000eb000000,0x00000000eb080000)
  to   space 1024K, 0% used [0x00000000eb080000,0x00000000eb080000,0x00000000eb180000)
 ParOldGen       total 525312K, used 525048K [0x00000000c0000000, 0x00000000e0100000, 0x00000000eab00000)
  object space 525312K, 99% used [0x00000000c0000000,0x00000000e00be1d0,0x00000000e0100000)
 Metaspace       used 75260K, committed 76736K, reserved 1179648K
  class space    used 8932K, committed 9600K, reserved 1048576K
}
Event: 212.307 GC heap after
{Heap after GC invocations=453 (full 3):
 PSYoungGen      total 5632K, used 576K [0x00000000eab00000, 0x00000000eb180000, 0x0000000100000000)
  eden space 4608K, 0% used [0x00000000eab00000,0x00000000eab00000,0x00000000eaf80000)
  from space 1024K, 56% used [0x00000000eb080000,0x00000000eb110000,0x00000000eb180000)
  to   space 1024K, 0% used [0x00000000eaf80000,0x00000000eaf80000,0x00000000eb080000)
 ParOldGen       total 525824K, used 525512K [0x00000000c0000000, 0x00000000e0180000, 0x00000000eab00000)
  object space 525824K, 99% used [0x00000000c0000000,0x00000000e01321d0,0x00000000e0180000)
 Metaspace       used 75260K, committed 76736K, reserved 1179648K
  class space    used 8932K, committed 9600K, reserved 1048576K
}
Event: 212.325 GC heap before
{Heap before GC invocations=454 (full 3):
 PSYoungGen      total 5632K, used 5175K [0x00000000eab00000, 0x00000000eb180000, 0x0000000100000000)
  eden space 4608K, 99% used [0x00000000eab00000,0x00000000eaf7dd10,0x00000000eaf80000)
  from space 1024K, 56% used [0x00000000eb080000,0x00000000eb110000,0x00000000eb180000)
  to   space 1024K, 0% used [0x00000000eaf80000,0x00000000eaf80000,0x00000000eb080000)
 ParOldGen       total 525824K, used 525512K [0x00000000c0000000, 0x00000000e0180000, 0x00000000eab00000)
  object space 525824K, 99% used [0x00000000c0000000,0x00000000e01321d0,0x00000000e0180000)
 Metaspace       used 75260K, committed 76736K, reserved 1179648K
  class space    used 8932K, committed 9600K, reserved 1048576K
}
Event: 212.328 GC heap after
{Heap after GC invocations=454 (full 3):
 PSYoungGen      total 5632K, used 994K [0x00000000eab00000, 0x00000000eb380000, 0x0000000100000000)
  eden space 4608K, 0% used [0x00000000eab00000,0x00000000eab00000,0x00000000eaf80000)
  from space 1024K, 97% used [0x00000000eaf80000,0x00000000eb078a00,0x00000000eb080000)
  to   space 2048K, 0% used [0x00000000eb180000,0x00000000eb180000,0x00000000eb380000)
 ParOldGen       total 526336K, used 526016K [0x00000000c0000000, 0x00000000e0200000, 0x00000000eab00000)
  object space 526336K, 99% used [0x00000000c0000000,0x00000000e01b01d0,0x00000000e0200000)
 Metaspace       used 75260K, committed 76736K, reserved 1179648K
  class space    used 8932K, committed 9600K, reserved 1048576K
}

Dll operation events (13 events):
Event: 0.002 Loaded shared library /home/araneta/.cursor/extensions/redhat.java-1.42.0-linux-x64/jre/21.0.7-linux-x86_64/lib/libjava.so
Event: 0.114 Loaded shared library /home/araneta/.cursor/extensions/redhat.java-1.42.0-linux-x64/jre/21.0.7-linux-x86_64/lib/libzip.so
Event: 0.153 Loaded shared library /home/araneta/.cursor/extensions/redhat.java-1.42.0-linux-x64/jre/21.0.7-linux-x86_64/lib/libinstrument.so
Event: 0.158 Loaded shared library /home/araneta/.cursor/extensions/redhat.java-1.42.0-linux-x64/jre/21.0.7-linux-x86_64/lib/libnio.so
Event: 0.161 Loaded shared library /home/araneta/.cursor/extensions/redhat.java-1.42.0-linux-x64/jre/21.0.7-linux-x86_64/lib/libzip.so
Event: 0.193 Loaded shared library /home/araneta/.cursor/extensions/redhat.java-1.42.0-linux-x64/jre/21.0.7-linux-x86_64/lib/libjimage.so
Event: 0.277 Loaded shared library /home/araneta/.cursor/extensions/redhat.java-1.42.0-linux-x64/jre/21.0.7-linux-x86_64/lib/libverify.so
Event: 1.582 Loaded shared library /home/araneta/.cursor/extensions/redhat.java-1.42.0-linux-x64/jre/21.0.7-linux-x86_64/lib/libnet.so
Event: 2.492 Loaded shared library /home/araneta/.config/Cursor/User/globalStorage/redhat.java/1.42.0/config_linux/org.eclipse.equinox.launcher/org.eclipse.equinox.launcher.gtk.linux.x86_64_1.2.1400.v20250331-1702/eclipse_11911.so
Event: 10.791 Loaded shared library /home/araneta/.cursor/extensions/redhat.java-1.42.0-linux-x64/jre/21.0.7-linux-x86_64/lib/libextnet.so
Event: 12.259 Loaded shared library /home/araneta/.gradle/native/68d5fa5c4cc2d200863cafc0d521ce42e7d3e7ee720ec0a83991735586a16f82/linux-amd64/libnative-platform.so
Event: 13.988 Loaded shared library /home/araneta/.cursor/extensions/redhat.java-1.42.0-linux-x64/jre/21.0.7-linux-x86_64/lib/libmanagement.so
Event: 13.989 Loaded shared library /home/araneta/.cursor/extensions/redhat.java-1.42.0-linux-x64/jre/21.0.7-linux-x86_64/lib/libmanagement_ext.so

Deoptimization events (20 events):
Event: 212.084 Thread 0x00007f1bac9fa310 DEOPT PACKING pc=0x00007f1c4306e960 sp=0x00007f1bf8ffe3c0
Event: 212.084 Thread 0x00007f1bac9fa310 DEOPT UNPACKING pc=0x00007f1c493bcb2f sp=0x00007f1bf8ffd868 mode 0
Event: 212.108 Thread 0x00007f1bac9fa310 DEOPT PACKING pc=0x00007f1c4306e960 sp=0x00007f1bf8ffe3c0
Event: 212.108 Thread 0x00007f1bac9fa310 DEOPT UNPACKING pc=0x00007f1c493bcb2f sp=0x00007f1bf8ffd868 mode 0
Event: 212.116 Thread 0x00007f1bac9fa310 DEOPT PACKING pc=0x00007f1c4306e960 sp=0x00007f1bf8ffe3c0
Event: 212.116 Thread 0x00007f1bac9fa310 DEOPT UNPACKING pc=0x00007f1c493bcb2f sp=0x00007f1bf8ffd868 mode 0
Event: 212.133 Thread 0x00007f1bac9fa310 DEOPT PACKING pc=0x00007f1c4306e960 sp=0x00007f1bf8ffe3c0
Event: 212.133 Thread 0x00007f1bac9fa310 DEOPT UNPACKING pc=0x00007f1c493bcb2f sp=0x00007f1bf8ffd868 mode 0
Event: 212.149 Thread 0x00007f1bac9fa310 DEOPT PACKING pc=0x00007f1c4306e960 sp=0x00007f1bf8ffe3c0
Event: 212.149 Thread 0x00007f1bac9fa310 DEOPT UNPACKING pc=0x00007f1c493bcb2f sp=0x00007f1bf8ffd868 mode 0
Event: 212.168 Thread 0x00007f1bac9fa310 DEOPT PACKING pc=0x00007f1c4306e960 sp=0x00007f1bf8ffe3c0
Event: 212.168 Thread 0x00007f1bac9fa310 DEOPT UNPACKING pc=0x00007f1c493bcb2f sp=0x00007f1bf8ffd868 mode 0
Event: 212.188 Thread 0x00007f1bac9fa310 DEOPT PACKING pc=0x00007f1c4306e960 sp=0x00007f1bf8ffe3c0
Event: 212.188 Thread 0x00007f1bac9fa310 DEOPT UNPACKING pc=0x00007f1c493bcb2f sp=0x00007f1bf8ffd868 mode 0
Event: 212.204 Thread 0x00007f1bac9fa310 DEOPT PACKING pc=0x00007f1c4306e960 sp=0x00007f1bf8ffe3c0
Event: 212.204 Thread 0x00007f1bac9fa310 DEOPT UNPACKING pc=0x00007f1c493bcb2f sp=0x00007f1bf8ffd868 mode 0
Event: 212.265 Thread 0x00007f1bac9fa310 DEOPT PACKING pc=0x00007f1c4306e960 sp=0x00007f1bf8ffe3c0
Event: 212.265 Thread 0x00007f1bac9fa310 DEOPT UNPACKING pc=0x00007f1c493bcb2f sp=0x00007f1bf8ffd868 mode 0
Event: 212.287 Thread 0x00007f1bac9fa310 DEOPT PACKING pc=0x00007f1c4306e960 sp=0x00007f1bf8ffe3c0
Event: 212.287 Thread 0x00007f1bac9fa310 DEOPT UNPACKING pc=0x00007f1c493bcb2f sp=0x00007f1bf8ffd868 mode 0

Classes loaded (20 events):
Event: 208.853 Loading class java/util/concurrent/ForkJoinTask$AdaptedCallable
Event: 208.853 Loading class java/util/concurrent/ForkJoinTask$AdaptedCallable done
Event: 208.861 Loading class java/util/stream/Nodes$CollectorTask$OfRef
Event: 208.861 Loading class java/util/stream/Nodes$CollectorTask
Event: 208.862 Loading class java/util/stream/Nodes$CollectorTask done
Event: 208.862 Loading class java/util/stream/Nodes$CollectorTask$OfRef done
Event: 208.862 Loading class java/util/function/LongFunction
Event: 208.862 Loading class java/util/function/LongFunction done
Event: 208.862 Loading class java/util/stream/Nodes$ConcNode
Event: 208.862 Loading class java/util/stream/Nodes$AbstractConcNode
Event: 208.862 Loading class java/util/stream/Nodes$AbstractConcNode done
Event: 208.862 Loading class java/util/stream/Nodes$ConcNode done
Event: 208.942 Loading class com/sun/org/apache/xml/internal/serializer/ToUnknownStream
Event: 208.942 Loading class com/sun/org/apache/xml/internal/serializer/ToUnknownStream done
Event: 209.017 Loading class java/util/Collections$EmptyListIterator
Event: 209.017 Loading class java/util/Collections$EmptyListIterator done
Event: 209.036 Loading class java/util/stream/Nodes$ToArrayTask$OfRef
Event: 209.036 Loading class java/util/stream/Nodes$ToArrayTask
Event: 209.036 Loading class java/util/stream/Nodes$ToArrayTask done
Event: 209.036 Loading class java/util/stream/Nodes$ToArrayTask$OfRef done

Classes unloaded (7 events):
Event: 7.418 Thread 0x00007f1c540e8060 Unloading class 0x00007f1bfa199c00 'java/lang/invoke/LambdaForm$MH+0x00007f1bfa199c00'
Event: 7.418 Thread 0x00007f1c540e8060 Unloading class 0x00007f1bfa199800 'java/lang/invoke/LambdaForm$MH+0x00007f1bfa199800'
Event: 7.418 Thread 0x00007f1c540e8060 Unloading class 0x00007f1bfa199400 'java/lang/invoke/LambdaForm$MH+0x00007f1bfa199400'
Event: 7.418 Thread 0x00007f1c540e8060 Unloading class 0x00007f1bfa199000 'java/lang/invoke/LambdaForm$MH+0x00007f1bfa199000'
Event: 7.418 Thread 0x00007f1c540e8060 Unloading class 0x00007f1bfa198c00 'java/lang/invoke/LambdaForm$BMH+0x00007f1bfa198c00'
Event: 7.418 Thread 0x00007f1c540e8060 Unloading class 0x00007f1bfa198800 'java/lang/invoke/LambdaForm$DMH+0x00007f1bfa198800'
Event: 7.418 Thread 0x00007f1c540e8060 Unloading class 0x00007f1bfa193400 'java/lang/invoke/LambdaForm$DMH+0x00007f1bfa193400'

Classes redefined (0 events):
No events

Internal exceptions (20 events):
Event: 210.280 Thread 0x00007f1b942595c0 Exception <a 'sun/nio/fs/UnixException'{0x00000000ead4d7c8}> (0x00000000ead4d7c8) 
thrown [src/hotspot/share/prims/jni.cpp, line 520]
Event: 210.281 Thread 0x00007f1b942595c0 Exception <a 'sun/nio/fs/UnixException'{0x00000000ead526f0}> (0x00000000ead526f0) 
thrown [src/hotspot/share/prims/jni.cpp, line 520]
Event: 210.281 Thread 0x00007f1b942595c0 Exception <a 'sun/nio/fs/UnixException'{0x00000000ead53500}> (0x00000000ead53500) 
thrown [src/hotspot/share/prims/jni.cpp, line 520]
Event: 210.291 Thread 0x00007f1b942595c0 Exception <a 'sun/nio/fs/UnixException'{0x00000000eb026bb8}> (0x00000000eb026bb8) 
thrown [src/hotspot/share/prims/jni.cpp, line 520]
Event: 210.291 Thread 0x00007f1b942595c0 Exception <a 'sun/nio/fs/UnixException'{0x00000000eb061338}> (0x00000000eb061338) 
thrown [src/hotspot/share/prims/jni.cpp, line 520]
Event: 210.291 Thread 0x00007f1b942595c0 Exception <a 'sun/nio/fs/UnixException'{0x00000000eb062138}> (0x00000000eb062138) 
thrown [src/hotspot/share/prims/jni.cpp, line 520]
Event: 210.292 Thread 0x00007f1b942595c0 Exception <a 'sun/nio/fs/UnixException'{0x00000000eb098c18}> (0x00000000eb098c18) 
thrown [src/hotspot/share/prims/jni.cpp, line 520]
Event: 210.292 Thread 0x00007f1b942595c0 Exception <a 'sun/nio/fs/UnixException'{0x00000000eb09dba0}> (0x00000000eb09dba0) 
thrown [src/hotspot/share/prims/jni.cpp, line 520]
Event: 210.292 Thread 0x00007f1b942595c0 Exception <a 'sun/nio/fs/UnixException'{0x00000000eb09e998}> (0x00000000eb09e998) 
thrown [src/hotspot/share/prims/jni.cpp, line 520]
Event: 210.303 Thread 0x00007f1b942595c0 Exception <a 'java/io/IOException'{0x00000000eb3798b0}> (0x00000000eb3798b0) 
thrown [src/hotspot/share/prims/jni.cpp, line 520]
Event: 210.303 Thread 0x00007f1b942595c0 Exception <a 'java/io/IOException'{0x00000000eb3b8b88}> (0x00000000eb3b8b88) 
thrown [src/hotspot/share/prims/jni.cpp, line 520]
Event: 210.306 Thread 0x00007f1b942595c0 Exception <a 'java/io/IOException'{0x00000000eb4701b8}> (0x00000000eb4701b8) 
thrown [src/hotspot/share/prims/jni.cpp, line 520]
Event: 210.306 Thread 0x00007f1b942595c0 Exception <a 'java/io/IOException'{0x00000000eb4ae4a8}> (0x00000000eb4ae4a8) 
thrown [src/hotspot/share/prims/jni.cpp, line 520]
Event: 210.604 Thread 0x00007f1bac9fa310 Exception <a 'sun/nio/fs/UnixException'{0x00000000eb1ad508}> (0x00000000eb1ad508) 
thrown [src/hotspot/share/prims/jni.cpp, line 520]
Event: 210.631 Thread 0x00007f1b84000ff0 Exception <a 'java/io/IOException'{0x00000000eabbbc28}> (0x00000000eabbbc28) 
thrown [src/hotspot/share/prims/jni.cpp, line 520]
Event: 210.632 Thread 0x00007f1b84000ff0 Exception <a 'java/io/IOException'{0x00000000eabc4318}> (0x00000000eabc4318) 
thrown [src/hotspot/share/prims/jni.cpp, line 520]
Event: 211.914 Thread 0x00007f1bac9fa310 Exception <a 'sun/nio/fs/UnixException'{0x00000000ead9aa48}> (0x00000000ead9aa48) 
thrown [src/hotspot/share/prims/jni.cpp, line 520]
Event: 211.945 Thread 0x00007f1b84000ff0 Exception <a 'java/io/IOException'{0x00000000eae39250}> (0x00000000eae39250) 
thrown [src/hotspot/share/prims/jni.cpp, line 520]
Event: 211.948 Thread 0x00007f1b84000ff0 Exception <a 'java/io/IOException'{0x00000000eab151c8}> (0x00000000eab151c8) 
thrown [src/hotspot/share/prims/jni.cpp, line 520]
Event: 211.952 Thread 0x00007f1bac9fa310 Exception <a 'sun/nio/fs/UnixException'{0x00000000eabf4270}> (0x00000000eabf4270) 
thrown [src/hotspot/share/prims/jni.cpp, line 520]

ZGC Phase Switch (0 events):
No events

VM Operations (20 events):
Event: 212.183 Executing VM operation: ParallelGCFailedAllocation (Allocation Failure)
Event: 212.186 Executing VM operation: ParallelGCFailedAllocation (Allocation Failure) done
Event: 212.197 Executing VM operation: ParallelGCFailedAllocation (Allocation Failure)
Event: 212.200 Executing VM operation: ParallelGCFailedAllocation (Allocation Failure) done
Event: 212.211 Executing VM operation: ParallelGCFailedAllocation (Allocation Failure)
Event: 212.213 Executing VM operation: ParallelGCFailedAllocation (Allocation Failure) done
Event: 212.225 Executing VM operation: ParallelGCFailedAllocation (Allocation Failure)
Event: 212.229 Executing VM operation: ParallelGCFailedAllocation (Allocation Failure) done
Event: 212.247 Executing VM operation: ParallelGCFailedAllocation (Allocation Failure)
Event: 212.250 Executing VM operation: ParallelGCFailedAllocation (Allocation Failure) done
Event: 212.262 Executing VM operation: ParallelGCFailedAllocation (Allocation Failure)
Event: 212.264 Executing VM operation: ParallelGCFailedAllocation (Allocation Failure) done
Event: 212.275 Executing VM operation: ParallelGCFailedAllocation (Allocation Failure)
Event: 212.277 Executing VM operation: ParallelGCFailedAllocation (Allocation Failure) done
Event: 212.291 Executing VM operation: ParallelGCFailedAllocation (Allocation Failure)
Event: 212.293 Executing VM operation: ParallelGCFailedAllocation (Allocation Failure) done
Event: 212.304 Executing VM operation: ParallelGCFailedAllocation (Allocation Failure)
Event: 212.307 Executing VM operation: ParallelGCFailedAllocation (Allocation Failure) done
Event: 212.325 Executing VM operation: ParallelGCFailedAllocation (Allocation Failure)
Event: 212.328 Executing VM operation: ParallelGCFailedAllocation (Allocation Failure) done

Memory protections (20 events):
Event: 201.700 Protecting memory [0x00007f1b7774c000,0x00007f1b77750000] with protection modes 0
Event: 203.974 Protecting memory [0x00007f1b7f600000,0x00007f1b7f604000] with protection modes 0
Event: 203.974 Protecting memory [0x00007f1bf8e00000,0x00007f1bf8e04000] with protection modes 0
Event: 203.982 Protecting memory [0x00007f1b7794c000,0x00007f1b77950000] with protection modes 0
Event: 203.988 Protecting memory [0x00007f1b7774c000,0x00007f1b77750000] with protection modes 0
Event: 204.004 Protecting memory [0x00007f1b7784c000,0x00007f1b77850000] with protection modes 0
Event: 204.016 Protecting memory [0x00007f1b7764c000,0x00007f1b77650000] with protection modes 0
Event: 204.020 Protecting memory [0x00007f1b7764c000,0x00007f1b77650000] with protection modes 0
Event: 206.320 Protecting memory [0x00007f1bf8e00000,0x00007f1bf8e04000] with protection modes 0
Event: 206.320 Protecting memory [0x00007f1b7774c000,0x00007f1b77750000] with protection modes 0
Event: 206.333 Protecting memory [0x00007f1b7794c000,0x00007f1b77950000] with protection modes 0
Event: 206.343 Protecting memory [0x00007f1b7784c000,0x00007f1b77850000] with protection modes 0
Event: 206.371 Protecting memory [0x00007f1b7764c000,0x00007f1b77650000] with protection modes 0
Event: 206.395 Protecting memory [0x00007f1b7754c000,0x00007f1b77550000] with protection modes 0
Event: 206.401 Protecting memory [0x00007f1b7744c000,0x00007f1b77450000] with protection modes 0
Event: 208.859 Protecting memory [0x00007f1b7784c000,0x00007f1b77850000] with protection modes 0
Event: 208.988 Protecting memory [0x00007f1b7784c000,0x00007f1b77850000] with protection modes 0
Event: 209.028 Protecting memory [0x00007f1b7784c000,0x00007f1b77850000] with protection modes 0
Event: 209.029 Protecting memory [0x00007f1bf8e00000,0x00007f1bf8e04000] with protection modes 0
Event: 209.035 Protecting memory [0x00007f1b7794c000,0x00007f1b77950000] with protection modes 0

Nmethod flushes (20 events):
Event: 20.744 Thread 0x00007f1c540e8060 flushing  nmethod 0x00007f1c42559890
Event: 20.744 Thread 0x00007f1c540e8060 flushing  nmethod 0x00007f1c42560510
Event: 20.744 Thread 0x00007f1c540e8060 flushing  nmethod 0x00007f1c42562b10
Event: 20.744 Thread 0x00007f1c540e8060 flushing  nmethod 0x00007f1c42568590
Event: 20.744 Thread 0x00007f1c540e8060 flushing  nmethod 0x00007f1c4256e910
Event: 20.744 Thread 0x00007f1c540e8060 flushing  nmethod 0x00007f1c42590790
Event: 20.744 Thread 0x00007f1c540e8060 flushing  nmethod 0x00007f1c42591b10
Event: 20.744 Thread 0x00007f1c540e8060 flushing osr nmethod 0x00007f1c425d7e90
Event: 20.744 Thread 0x00007f1c540e8060 flushing  nmethod 0x00007f1c42623810
Event: 20.744 Thread 0x00007f1c540e8060 flushing  nmethod 0x00007f1c42632410
Event: 20.744 Thread 0x00007f1c540e8060 flushing  nmethod 0x00007f1c4263b390
Event: 20.744 Thread 0x00007f1c540e8060 flushing  nmethod 0x00007f1c4263e310
Event: 20.744 Thread 0x00007f1c540e8060 flushing  nmethod 0x00007f1c4263e810
Event: 20.744 Thread 0x00007f1c540e8060 flushing  nmethod 0x00007f1c4263ed10
Event: 20.744 Thread 0x00007f1c540e8060 flushing  nmethod 0x00007f1c42648510
Event: 20.744 Thread 0x00007f1c540e8060 flushing  nmethod 0x00007f1c4267d990
Event: 20.744 Thread 0x00007f1c540e8060 flushing  nmethod 0x00007f1c42690510
Event: 20.744 Thread 0x00007f1c540e8060 flushing  nmethod 0x00007f1c42691110
Event: 20.744 Thread 0x00007f1c540e8060 flushing  nmethod 0x00007f1c42691f90
Event: 20.744 Thread 0x00007f1c540e8060 flushing  nmethod 0x00007f1c42692710

Events (20 events):
Event: 206.343 Thread 0x00007f1b84000ff0 Thread added: 0x00005569d6a71e10
Event: 206.363 Thread 0x00005569d6a71e10 Thread added: 0x00007f1bec005450
Event: 206.395 Thread 0x00005569d6a71e10 Thread added: 0x00007f1bec012530
Event: 206.400 Thread 0x00005569d6a71e10 Thread added: 0x00007f1bec0137d0
Event: 206.402 Thread 0x00007f1bec012530 Thread exited: 0x00007f1bec012530
Event: 208.223 Thread 0x00007f1bec0137d0 Thread exited: 0x00007f1bec0137d0
Event: 208.228 Thread 0x00007f1bec005450 Thread exited: 0x00007f1bec005450
Event: 208.231 Thread 0x00005569d6a70b70 Thread exited: 0x00005569d6a70b70
Event: 208.231 Thread 0x00005569d69eeaf0 Thread exited: 0x00005569d69eeaf0
Event: 208.241 Thread 0x00005569d6a71e10 Thread exited: 0x00005569d6a71e10
Event: 208.859 Thread 0x00007f1b9059f920 Thread added: 0x00007f1b90e11b10
Event: 208.863 Thread 0x00007f1b90e11b10 Thread exited: 0x00007f1b90e11b10
Event: 208.988 Thread 0x00007f1b8c000ff0 Thread added: 0x00007f1b801b0630
Event: 209.000 Thread 0x00007f1b801b0630 Thread exited: 0x00007f1b801b0630
Event: 209.028 Thread 0x00007f1b8c000ff0 Thread added: 0x00007f1b801aadd0
Event: 209.029 Thread 0x00007f1b801aadd0 Thread added: 0x00007f1b84015a80
Event: 209.029 Thread 0x00007f1b84015a80 Thread added: 0x00007f1b801abee0
Event: 209.038 Thread 0x00007f1b801aadd0 Thread exited: 0x00007f1b801aadd0
Event: 209.038 Thread 0x00007f1b84015a80 Thread exited: 0x00007f1b84015a80
Event: 209.038 Thread 0x00007f1b801abee0 Thread exited: 0x00007f1b801abee0


Dynamic libraries:
c0000000-e0280000 rw-p 00000000 00:00 0 
e0280000-eab00000 ---p 00000000 00:00 0 
eab00000-eb200000 rw-p 00000000 00:00 0 
eb200000-100000000 ---p 00000000 00:00 0 
5569a01a4000-5569a01a5000 r-xp 00000000 08:04 2281125                    /home/araneta/.cursor/extensions/redhat.java-1.42.0-linux-x64/jre/21.0.7-linux-x86_64/bin/java
5569a01a6000-5569a01a7000 r--p 00001000 08:04 2281125                    /home/araneta/.cursor/extensions/redhat.java-1.42.0-linux-x64/jre/21.0.7-linux-x86_64/bin/java
5569a01a7000-5569a01a8000 rw-p 00002000 08:04 2281125                    /home/araneta/.cursor/extensions/redhat.java-1.42.0-linux-x64/jre/21.0.7-linux-x86_64/bin/java
5569d69e3000-5569d6ad2000 rw-p 00000000 00:00 0                          [heap]
7f1b73000000-7f1b73180000 rw-p 00000000 00:00 0 
7f1b73180000-7f1b73190000 rw-p 00000000 00:00 0 
7f1b73190000-7f1b77000000 ---p 00000000 00:00 0 
7f1b77167000-7f1b7744c000 rw-p 00000000 00:00 0 
7f1b7744c000-7f1b77450000 ---p 00000000 00:00 0 
7f1b77450000-7f1b7754c000 rw-p 00000000 00:00 0 
7f1b7754c000-7f1b77550000 ---p 00000000 00:00 0 
7f1b77550000-7f1b7764c000 rw-p 00000000 00:00 0 
7f1b7764c000-7f1b77650000 ---p 00000000 00:00 0 
7f1b77650000-7f1b7774c000 rw-p 00000000 00:00 0 
7f1b7774c000-7f1b77750000 ---p 00000000 00:00 0 
7f1b77750000-7f1b7784c000 rw-p 00000000 00:00 0 
7f1b7784c000-7f1b77850000 ---p 00000000 00:00 0 
7f1b77850000-7f1b7794c000 rw-p 00000000 00:00 0 
7f1b7794c000-7f1b77950000 ---p 00000000 00:00 0 
7f1b77950000-7f1b77a4c000 rw-p 00000000 00:00 0 
7f1b77a4c000-7f1b7f500000 r--s 00000000 08:04 1757937                    /usr/lib/jvm/java-17-openjdk-amd64/lib/modules
7f1b7f500000-7f1b7f504000 ---p 00000000 00:00 0 
7f1b7f504000-7f1b7f600000 rw-p 00000000 00:00 0 
7f1b7f600000-7f1b7f604000 ---p 00000000 00:00 0 
7f1b7f604000-7f1b7f700000 rw-p 00000000 00:00 0 
7f1b7f700000-7f1b7f704000 ---p 00000000 00:00 0 
7f1b7f704000-7f1b7f800000 rw-p 00000000 00:00 0 
7f1b7f800000-7f1b7f804000 ---p 00000000 00:00 0 
7f1b7f804000-7f1b7f900000 rw-p 00000000 00:00 0 
7f1b7f900000-7f1b7f904000 ---p 00000000 00:00 0 
7f1b7f904000-7f1b7fa00000 rw-p 00000000 00:00 0 
7f1b7fa00000-7f1b7fa04000 ---p 00000000 00:00 0 
7f1b7fa04000-7f1b7fb00000 rw-p 00000000 00:00 0 
7f1b7fb00000-7f1b7fb04000 ---p 00000000 00:00 0 
7f1b7fb04000-7f1b7fc00000 rw-p 00000000 00:00 0 
7f1b7fc00000-7f1b7fc05000 r-xp 00000000 08:04 2686468                    /home/araneta/.gradle/native/68d5fa5c4cc2d200863cafc0d521ce42e7d3e7ee720ec0a83991735586a16f82/linux-amd64/libnative-platform.so
7f1b7fc05000-7f1b7fe05000 ---p 00005000 08:04 2686468                    /home/araneta/.gradle/native/68d5fa5c4cc2d200863cafc0d521ce42e7d3e7ee720ec0a83991735586a16f82/linux-amd64/libnative-platform.so
7f1b7fe05000-7f1b7fe06000 r--p 00005000 08:04 2686468                    /home/araneta/.gradle/native/68d5fa5c4cc2d200863cafc0d521ce42e7d3e7ee720ec0a83991735586a16f82/linux-amd64/libnative-platform.so
7f1b7fe06000-7f1b7fe07000 rw-p 00006000 08:04 2686468                    /home/araneta/.gradle/native/68d5fa5c4cc2d200863cafc0d521ce42e7d3e7ee720ec0a83991735586a16f82/linux-amd64/libnative-platform.so
7f1b7ff00000-7f1b7ff04000 ---p 00000000 00:00 0 
7f1b7ff04000-7f1b80000000 rw-p 00000000 00:00 0 
7f1b80000000-7f1b801d2000 rw-p 00000000 00:00 0 
7f1b801d2000-7f1b84000000 ---p 00000000 00:00 0 
7f1b84000000-7f1b84021000 rw-p 00000000 00:00 0 
7f1b84021000-7f1b88000000 ---p 00000000 00:00 0 
7f1b88000000-7f1b88133000 rw-p 00000000 00:00 0 
7f1b88133000-7f1b8c000000 ---p 00000000 00:00 0 
7f1b8c000000-7f1b8c126000 rw-p 00000000 00:00 0 
7f1b8c126000-7f1b90000000 ---p 00000000 00:00 0 
7f1b90000000-7f1b90e42000 rw-p 00000000 00:00 0 
7f1b90e42000-7f1b94000000 ---p 00000000 00:00 0 
7f1b94000000-7f1b946ac000 rw-p 00000000 00:00 0 
7f1b946ac000-7f1b98000000 ---p 00000000 00:00 0 
7f1b98000000-7f1b98085000 rw-p 00000000 00:00 0 
7f1b98085000-7f1b9c000000 ---p 00000000 00:00 0 
7f1b9c000000-7f1b9d295000 rw-p 00000000 00:00 0 
7f1b9d295000-7f1ba0000000 ---p 00000000 00:00 0 
7f1ba0000000-7f1ba0021000 rw-p 00000000 00:00 0 
7f1ba0021000-7f1ba4000000 ---p 00000000 00:00 0 
7f1ba4000000-7f1ba4021000 rw-p 00000000 00:00 0 
7f1ba4021000-7f1ba8000000 ---p 00000000 00:00 0 
7f1ba8000000-7f1ba8021000 rw-p 00000000 00:00 0 
7f1ba8021000-7f1bac000000 ---p 00000000 00:00 0 
7f1bac000000-7f1bacb2d000 rw-p 00000000 00:00 0 
7f1bacb2d000-7f1bb0000000 ---p 00000000 00:00 0 
7f1bb0000000-7f1bb002f000 rw-p 00000000 00:00 0 
7f1bb002f000-7f1bb4000000 ---p 00000000 00:00 0 
7f1bb4000000-7f1bb4686000 rw-p 00000000 00:00 0 
7f1bb4686000-7f1bb8000000 ---p 00000000 00:00 0 
7f1bb8000000-7f1bb8021000 rw-p 00000000 00:00 0 
7f1bb8021000-7f1bbc000000 ---p 00000000 00:00 0 
7f1bbc000000-7f1bbc021000 rw-p 00000000 00:00 0 
7f1bbc021000-7f1bc0000000 ---p 00000000 00:00 0 
7f1bc0000000-7f1bc0021000 rw-p 00000000 00:00 0 
7f1bc0021000-7f1bc4000000 ---p 00000000 00:00 0 
7f1bc4000000-7f1bc404d000 rw-p 00000000 00:00 0 
7f1bc404d000-7f1bc8000000 ---p 00000000 00:00 0 
7f1bc8000000-7f1bc8021000 rw-p 00000000 00:00 0 
7f1bc8021000-7f1bcc000000 ---p 00000000 00:00 0 
7f1bcc000000-7f1bcc32f000 rw-p 00000000 00:00 0 
7f1bcc32f000-7f1bd0000000 ---p 00000000 00:00 0 
7f1bd0000000-7f1bd31fa000 rw-p 00000000 00:00 0 
7f1bd31fa000-7f1bd4000000 ---p 00000000 00:00 0 
7f1bd4000000-7f1bd554a000 rw-p 00000000 00:00 0 
7f1bd554a000-7f1bd8000000 ---p 00000000 00:00 0 
7f1bd8000000-7f1bd8021000 rw-p 00000000 00:00 0 
7f1bd8021000-7f1bdc000000 ---p 00000000 00:00 0 
7f1bdc000000-7f1bdc021000 rw-p 00000000 00:00 0 
7f1bdc021000-7f1be0000000 ---p 00000000 00:00 0 
7f1be0000000-7f1be0021000 rw-p 00000000 00:00 0 
7f1be0021000-7f1be4000000 ---p 00000000 00:00 0 
7f1be4000000-7f1be4021000 rw-p 00000000 00:00 0 
7f1be4021000-7f1be8000000 ---p 00000000 00:00 0 
7f1be8000000-7f1be8021000 rw-p 00000000 00:00 0 
7f1be8021000-7f1bec000000 ---p 00000000 00:00 0 
7f1bec000000-7f1bec021000 rw-p 00000000 00:00 0 
7f1bec021000-7f1bf0000000 ---p 00000000 00:00 0 
7f1bf0000000-7f1bf0400000 rw-p 00000000 00:00 0 
7f1bf0400000-7f1bf0780000 rw-p 00000000 00:00 0 
7f1bf0780000-7f1bf0800000 rw-p 00000000 00:00 0 
7f1bf0800000-7f1bf0a00000 rw-p 00000000 00:00 0 
7f1bf0a00000-7f1bf0b00000 rw-p 00000000 00:00 0 
7f1bf0b00000-7f1bf0c00000 rw-p 00000000 00:00 0 
7f1bf0c00000-7f1bf1300000 rw-p 00000000 00:00 0 
7f1bf1300000-7f1bf1400000 rw-p 00000000 00:00 0 
7f1bf1400000-7f1bf1b00000 rw-p 00000000 00:00 0 
7f1bf1b00000-7f1bf1c00000 rw-p 00000000 00:00 0 
7f1bf1c00000-7f1bf1dc0000 rw-p 00000000 00:00 0 
7f1bf1dc0000-7f1bf1e00000 rw-p 00000000 00:00 0 
7f1bf1e00000-7f1bf1f00000 rw-p 00000000 00:00 0 
7f1bf1f00000-7f1bf2000000 rw-p 00000000 00:00 0 
7f1bf2000000-7f1bf2100000 rw-p 00000000 00:00 0 
7f1bf2100000-7f1bf2200000 rw-p 00000000 00:00 0 
7f1bf2200000-7f1bf23e0000 rw-p 00000000 00:00 0 
7f1bf23e0000-7f1bf2500000 rw-p 00000000 00:00 0 
7f1bf2500000-7f1bf2600000 rw-p 00000000 00:00 0 
7f1bf2600000-7f1bf2780000 rw-p 00000000 00:00 0 
7f1bf2780000-7f1bf2800000 rw-p 00000000 00:00 0 
7f1bf2800000-7f1bf2980000 rw-p 00000000 00:00 0 
7f1bf2980000-7f1bf2a00000 rw-p 00000000 00:00 0 
7f1bf2a00000-7f1bf3100000 rw-p 00000000 00:00 0 
7f1bf3100000-7f1bf3200000 rw-p 00000000 00:00 0 
7f1bf3200000-7f1bf3980000 rw-p 00000000 00:00 0 
7f1bf3980000-7f1bf3a00000 rw-p 00000000 00:00 0 
7f1bf3a00000-7f1bf3b80000 rw-p 00000000 00:00 0 
7f1bf3b80000-7f1bf3c00000 rw-p 00000000 00:00 0 
7f1bf3c00000-7f1bf4000000 rw-p 00000000 00:00 0 
7f1bf4000000-7f1bf4021000 rw-p 00000000 00:00 0 
7f1bf4021000-7f1bf8000000 ---p 00000000 00:00 0 
7f1bf8017000-7f1bf801b000 ---p 00000000 00:00 0 
7f1bf801b000-7f1bf8117000 rw-p 00000000 00:00 0 
7f1bf8117000-7f1bf811b000 ---p 00000000 00:00 0 
7f1bf811b000-7f1bf8217000 rw-p 00000000 00:00 0 
7f1bf8217000-7f1bf821b000 ---p 00000000 00:00 0 
7f1bf821b000-7f1bf8317000 rw-p 00000000 00:00 0 
7f1bf8317000-7f1bf831b000 ---p 00000000 00:00 0 
7f1bf831b000-7f1bf8417000 rw-p 00000000 00:00 0 
7f1bf8433000-7f1bf8437000 ---p 00000000 00:00 0 
7f1bf8437000-7f1bf8533000 rw-p 00000000 00:00 0 
7f1bf8533000-7f1bf8537000 ---p 00000000 00:00 0 
7f1bf8537000-7f1bf8633000 rw-p 00000000 00:00 0 
7f1bf8633000-7f1bf8637000 ---p 00000000 00:00 0 
7f1bf8637000-7f1bf8733000 rw-p 00000000 00:00 0 
7f1bf8800000-7f1bf8804000 ---p 00000000 00:00 0 
7f1bf8804000-7f1bf8900000 rw-p 00000000 00:00 0 
7f1bf8900000-7f1bf8904000 ---p 00000000 00:00 0 
7f1bf8904000-7f1bf8a00000 rw-p 00000000 00:00 0 
7f1bf8a00000-7f1bf8a04000 ---p 00000000 00:00 0 
7f1bf8a04000-7f1bf8b00000 rw-p 00000000 00:00 0 
7f1bf8b00000-7f1bf8b04000 ---p 00000000 00:00 0 
7f1bf8b04000-7f1bf8c00000 rw-p 00000000 00:00 0 
7f1bf8c00000-7f1bf8c04000 ---p 00000000 00:00 0 
7f1bf8c04000-7f1bf8d00000 rw-p 00000000 00:00 0 
7f1bf8d00000-7f1bf8d04000 ---p 00000000 00:00 0 
7f1bf8d04000-7f1bf8e00000 rw-p 00000000 00:00 0 
7f1bf8e00000-7f1bf8e04000 ---p 00000000 00:00 0 
7f1bf8e04000-7f1bf8f00000 rw-p 00000000 00:00 0 
7f1bf8f00000-7f1bf8f04000 ---p 00000000 00:00 0 
7f1bf8f04000-7f1bf9000000 rw-p 00000000 00:00 0 
7f1bf9000000-7f1bf9bb6000 rw-p 00001000 08:04 2281539                    /home/araneta/.cursor/extensions/redhat.java-1.42.0-linux-x64/jre/21.0.7-linux-x86_64/lib/server/classes.jsa
7f1bf9bb6000-7f1bfa000000 ---p 00000000 00:00 0 
7f1bfa000000-7f1bfa040000 rw-p 00000000 00:00 0 
7f1bfa040000-7f1bfa0c0000 rw-p 00000000 00:00 0 
7f1bfa0c0000-7f1bfa100000 rw-p 00000000 00:00 0 
7f1bfa100000-7f1bfa240000 rw-p 00000000 00:00 0 
7f1bfa240000-7f1bfa280000 rw-p 00000000 00:00 0 
7f1bfa280000-7f1bfa3c0000 rw-p 00000000 00:00 0 
7f1bfa3c0000-7f1bfa400000 rw-p 00000000 00:00 0 
7f1bfa400000-7f1bfa4c0000 rw-p 00000000 00:00 0 
7f1bfa4c0000-7f1bfa670000 rw-p 00000000 00:00 0 
7f1bfa670000-7f1bfa680000 ---p 00000000 00:00 0 
7f1bfa680000-7f1bfa970000 rw-p 00000000 00:00 0 
7f1bfa970000-7f1c3a000000 ---p 00000000 00:00 0 
7f1c3a000000-7f1c3c000000 rw-p 00000000 00:00 0 
7f1c3c000000-7f1c3c021000 rw-p 00000000 00:00 0 
7f1c3c021000-7f1c40000000 ---p 00000000 00:00 0 
7f1c4001a000-7f1c40021000 r--s 00000000 08:04 1454809                    /usr/lib/x86_64-linux-gnu/gconv/gconv-modules.cache
7f1c40021000-7f1c40025000 ---p 00000000 00:00 0 
7f1c40025000-7f1c40043000 rw-p 00000000 00:00 0 
7f1c40043000-7f1c40048000 r-xp 00000000 08:04 2281516                    /home/araneta/.cursor/extensions/redhat.java-1.42.0-linux-x64/jre/21.0.7-linux-x86_64/lib/libmanagement_ext.so
7f1c40048000-7f1c40049000 ---p 00005000 08:04 2281516                    /home/araneta/.cursor/extensions/redhat.java-1.42.0-linux-x64/jre/21.0.7-linux-x86_64/lib/libmanagement_ext.so
7f1c40049000-7f1c4004a000 r--p 00005000 08:04 2281516                    /home/araneta/.cursor/extensions/redhat.java-1.42.0-linux-x64/jre/21.0.7-linux-x86_64/lib/libmanagement_ext.so
7f1c4004a000-7f1c4004b000 rw-p 00006000 08:04 2281516                    /home/araneta/.cursor/extensions/redhat.java-1.42.0-linux-x64/jre/21.0.7-linux-x86_64/lib/libmanagement_ext.so
7f1c4004b000-7f1c4004f000 r-xp 00000000 08:04 2281517                    /home/araneta/.cursor/extensions/redhat.java-1.42.0-linux-x64/jre/21.0.7-linux-x86_64/lib/libmanagement.so
7f1c4004f000-7f1c40050000 r--p 00003000 08:04 2281517                    /home/araneta/.cursor/extensions/redhat.java-1.42.0-linux-x64/jre/21.0.7-linux-x86_64/lib/libmanagement.so
7f1c40050000-7f1c40051000 rw-p 00004000 08:04 2281517                    /home/araneta/.cursor/extensions/redhat.java-1.42.0-linux-x64/jre/21.0.7-linux-x86_64/lib/libmanagement.so
7f1c40051000-7f1c40053000 r-xp 00000000 08:04 2281497                    /home/araneta/.cursor/extensions/redhat.java-1.42.0-linux-x64/jre/21.0.7-linux-x86_64/lib/libextnet.so
7f1c40053000-7f1c40054000 r--p 00001000 08:04 2281497                    /home/araneta/.cursor/extensions/redhat.java-1.42.0-linux-x64/jre/21.0.7-linux-x86_64/lib/libextnet.so
7f1c40054000-7f1c40055000 rw-p 00002000 08:04 2281497                    /home/araneta/.cursor/extensions/redhat.java-1.42.0-linux-x64/jre/21.0.7-linux-x86_64/lib/libextnet.so
7f1c40055000-7f1c40059000 ---p 00000000 00:00 0 
7f1c40059000-7f1c40155000 rw-p 00000000 00:00 0 
7f1c40155000-7f1c40159000 ---p 00000000 00:00 0 
7f1c40159000-7f1c40255000 rw-p 00000000 00:00 0 
7f1c40255000-7f1c40259000 ---p 00000000 00:00 0 
7f1c40259000-7f1c40355000 rw-p 00000000 00:00 0 
7f1c40355000-7f1c40359000 ---p 00000000 00:00 0 
7f1c40359000-7f1c40455000 rw-p 00000000 00:00 0 
7f1c40455000-7f1c40459000 ---p 00000000 00:00 0 
7f1c40459000-7f1c40555000 rw-p 00000000 00:00 0 
7f1c40555000-7f1c40559000 ---p 00000000 00:00 0 
7f1c40559000-7f1c40655000 rw-p 00000000 00:00 0 
7f1c40655000-7f1c40659000 ---p 00000000 00:00 0 
7f1c40659000-7f1c40755000 rw-p 00000000 00:00 0 
7f1c40755000-7f1c40759000 ---p 00000000 00:00 0 
7f1c40759000-7f1c40855000 rw-p 00000000 00:00 0 
7f1c40855000-7f1c40859000 r--p 00000000 08:04 1234842                    /home/araneta/.config/Cursor/User/globalStorage/redhat.java/1.42.0/config_linux/org.eclipse.equinox.launcher/org.eclipse.equinox.launcher.gtk.linux.x86_64_1.2.1400.v20250331-1702/eclipse_11911.so
7f1c40859000-7f1c40863000 r-xp 00004000 08:04 1234842                    /home/araneta/.config/Cursor/User/globalStorage/redhat.java/1.42.0/config_linux/org.eclipse.equinox.launcher/org.eclipse.equinox.launcher.gtk.linux.x86_64_1.2.1400.v20250331-1702/eclipse_11911.so
7f1c40863000-7f1c40866000 r--p 0000e000 08:04 1234842                    /home/araneta/.config/Cursor/User/globalStorage/redhat.java/1.42.0/config_linux/org.eclipse.equinox.launcher/org.eclipse.equinox.launcher.gtk.linux.x86_64_1.2.1400.v20250331-1702/eclipse_11911.so
7f1c40866000-7f1c40867000 r--p 00010000 08:04 1234842                    /home/araneta/.config/Cursor/User/globalStorage/redhat.java/1.42.0/config_linux/org.eclipse.equinox.launcher/org.eclipse.equinox.launcher.gtk.linux.x86_64_1.2.1400.v20250331-1702/eclipse_11911.so
7f1c40867000-7f1c40868000 rw-p 00011000 08:04 1234842                    /home/araneta/.config/Cursor/User/globalStorage/redhat.java/1.42.0/config_linux/org.eclipse.equinox.launcher/org.eclipse.equinox.launcher.gtk.linux.x86_64_1.2.1400.v20250331-1702/eclipse_11911.so
7f1c40868000-7f1c40869000 rw-p 00000000 00:00 0 
7f1c40869000-7f1c4086d000 ---p 00000000 00:00 0 
7f1c4086d000-7f1c40969000 rw-p 00000000 00:00 0 
7f1c40969000-7f1c4096d000 ---p 00000000 00:00 0 
7f1c4096d000-7f1c40a69000 rw-p 00000000 00:00 0 
7f1c40a69000-7f1c40a6a000 ---p 00000000 00:00 0 
7f1c40a6a000-7f1c40b6a000 rw-p 00000000 00:00 0 
7f1c40b6a000-7f1c40b6b000 ---p 00000000 00:00 0 
7f1c40b6b000-7f1c40c6b000 rw-p 00000000 00:00 0 
7f1c40c6b000-7f1c40c6c000 ---p 00000000 00:00 0 
7f1c40c6c000-7f1c40d6c000 rw-p 00000000 00:00 0 
7f1c40d6c000-7f1c40d70000 ---p 00000000 00:00 0 
7f1c40d70000-7f1c40e6c000 rw-p 00000000 00:00 0 
7f1c40e6c000-7f1c40e70000 ---p 00000000 00:00 0 
7f1c40e70000-7f1c40f6c000 rw-p 00000000 00:00 0 
7f1c40f6c000-7f1c40f79000 r-xp 00000000 08:04 2281527                    /home/araneta/.cursor/extensions/redhat.java-1.42.0-linux-x64/jre/21.0.7-linux-x86_64/lib/libverify.so
7f1c40f79000-7f1c40f7b000 r--p 0000c000 08:04 2281527                    /home/araneta/.cursor/extensions/redhat.java-1.42.0-linux-x64/jre/21.0.7-linux-x86_64/lib/libverify.so
7f1c40f7b000-7f1c40f7c000 rw-p 0000e000 08:04 2281527                    /home/araneta/.cursor/extensions/redhat.java-1.42.0-linux-x64/jre/21.0.7-linux-x86_64/lib/libverify.so
7f1c40f7c000-7f1c40f88000 r-xp 00000000 08:04 2281519                    /home/araneta/.cursor/extensions/redhat.java-1.42.0-linux-x64/jre/21.0.7-linux-x86_64/lib/libnet.so
7f1c40f88000-7f1c40f89000 r--p 0000b000 08:04 2281519                    /home/araneta/.cursor/extensions/redhat.java-1.42.0-linux-x64/jre/21.0.7-linux-x86_64/lib/libnet.so
7f1c40f89000-7f1c40f8a000 rw-p 0000c000 08:04 2281519                    /home/araneta/.cursor/extensions/redhat.java-1.42.0-linux-x64/jre/21.0.7-linux-x86_64/lib/libnet.so
7f1c40f8a000-7f1c40f9e000 r-xp 00000000 08:04 2281520                    /home/araneta/.cursor/extensions/redhat.java-1.42.0-linux-x64/jre/21.0.7-linux-x86_64/lib/libnio.so
7f1c40f9e000-7f1c40f9f000 r--p 00013000 08:04 2281520                    /home/araneta/.cursor/extensions/redhat.java-1.42.0-linux-x64/jre/21.0.7-linux-x86_64/lib/libnio.so
7f1c40f9f000-7f1c40fa0000 rw-p 00014000 08:04 2281520                    /home/araneta/.cursor/extensions/redhat.java-1.42.0-linux-x64/jre/21.0.7-linux-x86_64/lib/libnio.so
7f1c40fa0000-7f1c40fbb000 r-xp 00000000 08:04 2281528                    /home/araneta/.cursor/extensions/redhat.java-1.42.0-linux-x64/jre/21.0.7-linux-x86_64/lib/libzip.so
7f1c40fbb000-7f1c40fbc000 r--p 0001a000 08:04 2281528                    /home/araneta/.cursor/extensions/redhat.java-1.42.0-linux-x64/jre/21.0.7-linux-x86_64/lib/libzip.so
7f1c40fbc000-7f1c40fbd000 rw-p 0001b000 08:04 2281528                    /home/araneta/.cursor/extensions/redhat.java-1.42.0-linux-x64/jre/21.0.7-linux-x86_64/lib/libzip.so
7f1c40fbd000-7f1c40fc1000 ---p 00000000 00:00 0 
7f1c40fc1000-7f1c410bd000 rw-p 00000000 00:00 0 
7f1c410bd000-7f1c410c1000 ---p 00000000 00:00 0 
7f1c410c1000-7f1c411bd000 rw-p 00000000 00:00 0 
7f1c411bd000-7f1c411c1000 ---p 00000000 00:00 0 
7f1c411c1000-7f1c412bd000 rw-p 00000000 00:00 0 
7f1c412bd000-7f1c412c1000 ---p 00000000 00:00 0 
7f1c412c1000-7f1c413bd000 rw-p 00000000 00:00 0 
7f1c413bd000-7f1c413c1000 ---p 00000000 00:00 0 
7f1c413c1000-7f1c414bd000 rw-p 00000000 00:00 0 
7f1c414bd000-7f1c414c1000 ---p 00000000 00:00 0 
7f1c414c1000-7f1c415bd000 rw-p 00000000 00:00 0 
7f1c415bd000-7f1c415c1000 ---p 00000000 00:00 0 
7f1c415c1000-7f1c416bd000 rw-p 00000000 00:00 0 
7f1c416bd000-7f1c416c1000 ---p 00000000 00:00 0 
7f1c416c1000-7f1c417bd000 rw-p 00000000 00:00 0 
7f1c417bd000-7f1c41d31000 r--p 00000000 08:04 1314199                    /usr/lib/locale/locale-archive
7f1c41d31000-7f1c41d32000 ---p 00000000 00:00 0 
7f1c41d32000-7f1c41e32000 rw-p 00000000 00:00 0 
7f1c41e32000-7f1c43402000 rwxp 00000000 00:00 0 
7f1c43402000-7f1c49369000 ---p 00000000 00:00 0 
7f1c49369000-7f1c495d9000 rwxp 00000000 00:00 0 
7f1c495d9000-7f1c498fa000 ---p 00000000 00:00 0 
7f1c498fa000-7f1c4a03a000 rwxp 00000000 00:00 0 
7f1c4a03a000-7f1c50e32000 ---p 00000000 00:00 0 
7f1c50e32000-7f1c54000000 r--s 00000000 08:04 2281529                    /home/araneta/.cursor/extensions/redhat.java-1.42.0-linux-x64/jre/21.0.7-linux-x86_64/lib/modules
7f1c54000000-7f1c5447a000 rw-p 00000000 00:00 0 
7f1c5447a000-7f1c58000000 ---p 00000000 00:00 0 
7f1c58002000-7f1c58c0e000 rw-p 00000000 00:00 0 
7f1c58c0e000-7f1c58c0f000 ---p 00000000 00:00 0 
7f1c58c0f000-7f1c59142000 rw-p 00000000 00:00 0 
7f1c59142000-7f1c59196000 ---p 00000000 00:00 0 
7f1c59196000-7f1c59197000 ---p 00000000 00:00 0 
7f1c59197000-7f1c59399000 rw-p 00000000 00:00 0 
7f1c59399000-7f1c593ec000 ---p 00000000 00:00 0 
7f1c593ec000-7f1c593f0000 rw-p 00000000 00:00 0 
7f1c593f0000-7f1c59498000 ---p 00000000 00:00 0 
7f1c59498000-7f1c594a7000 rw-p 00000000 00:00 0 
7f1c594a7000-7f1c59583000 ---p 00000000 00:00 0 
7f1c59583000-7f1c595af000 rw-p 00000000 00:00 0 
7f1c595af000-7f1c5966e000 ---p 00000000 00:00 0 
7f1c5966e000-7f1c59673000 rw-p 00000000 00:00 0 
7f1c59673000-7f1c5967a000 ---p 00000000 00:00 0 
7f1c5967a000-7f1c59682000 rw-s 00000000 08:04 5374971                    /tmp/hsperfdata_araneta/7893
7f1c59682000-7f1c596a2000 r-xp 00000000 08:04 2281505                    /home/araneta/.cursor/extensions/redhat.java-1.42.0-linux-x64/jre/21.0.7-linux-x86_64/lib/libjava.so
7f1c596a2000-7f1c596a3000 ---p 00020000 08:04 2281505                    /home/araneta/.cursor/extensions/redhat.java-1.42.0-linux-x64/jre/21.0.7-linux-x86_64/lib/libjava.so
7f1c596a3000-7f1c596a4000 r--p 00020000 08:04 2281505                    /home/araneta/.cursor/extensions/redhat.java-1.42.0-linux-x64/jre/21.0.7-linux-x86_64/lib/libjava.so
7f1c596a4000-7f1c596a5000 rw-p 00021000 08:04 2281505                    /home/araneta/.cursor/extensions/redhat.java-1.42.0-linux-x64/jre/21.0.7-linux-x86_64/lib/libjava.so
7f1c596a5000-7f1c596a6000 rw-p 00000000 00:00 0 
7f1c596a6000-7f1c596c1000 r-xp 00000000 08:04 2281509                    /home/araneta/.cursor/extensions/redhat.java-1.42.0-linux-x64/jre/21.0.7-linux-x86_64/lib/libjimage.so
7f1c596c1000-7f1c596c2000 ---p 0001b000 08:04 2281509                    /home/araneta/.cursor/extensions/redhat.java-1.42.0-linux-x64/jre/21.0.7-linux-x86_64/lib/libjimage.so
7f1c596c2000-7f1c596c4000 r--p 0001b000 08:04 2281509                    /home/araneta/.cursor/extensions/redhat.java-1.42.0-linux-x64/jre/21.0.7-linux-x86_64/lib/libjimage.so
7f1c596c4000-7f1c596c5000 rw-p 0001d000 08:04 2281509                    /home/araneta/.cursor/extensions/redhat.java-1.42.0-linux-x64/jre/21.0.7-linux-x86_64/lib/libjimage.so
7f1c596c5000-7f1c596c9000 ---p 00000000 00:00 0 
7f1c596c9000-7f1c597c5000 rw-p 00000000 00:00 0 
7f1c597c5000-7f1c597d3000 r--p 00000000 08:04 1312667                    /usr/lib/x86_64-linux-gnu/libm.so.6
7f1c597d3000-7f1c5984f000 r-xp 0000e000 08:04 1312667                    /usr/lib/x86_64-linux-gnu/libm.so.6
7f1c5984f000-7f1c598aa000 r--p 0008a000 08:04 1312667                    /usr/lib/x86_64-linux-gnu/libm.so.6
7f1c598aa000-7f1c598ab000 r--p 000e4000 08:04 1312667                    /usr/lib/x86_64-linux-gnu/libm.so.6
7f1c598ab000-7f1c598ac000 rw-p 000e5000 08:04 1312667                    /usr/lib/x86_64-linux-gnu/libm.so.6
7f1c598ac000-7f1c598ad000 r--p 00000000 08:04 1312701                    /usr/lib/x86_64-linux-gnu/librt.so.1
7f1c598ad000-7f1c598ae000 r-xp 00001000 08:04 1312701                    /usr/lib/x86_64-linux-gnu/librt.so.1
7f1c598ae000-7f1c598af000 r--p 00002000 08:04 1312701                    /usr/lib/x86_64-linux-gnu/librt.so.1
7f1c598af000-7f1c598b0000 r--p 00002000 08:04 1312701                    /usr/lib/x86_64-linux-gnu/librt.so.1
7f1c598b0000-7f1c598b1000 rw-p 00003000 08:04 1312701                    /usr/lib/x86_64-linux-gnu/librt.so.1
7f1c598b1000-7f1c5acc0000 r-xp 00000000 08:04 2281541                    /home/araneta/.cursor/extensions/redhat.java-1.42.0-linux-x64/jre/21.0.7-linux-x86_64/lib/server/libjvm.so
7f1c5acc0000-7f1c5acc1000 ---p 0140f000 08:04 2281541                    /home/araneta/.cursor/extensions/redhat.java-1.42.0-linux-x64/jre/21.0.7-linux-x86_64/lib/server/libjvm.so
7f1c5acc1000-7f1c5ad95000 r--p 0140f000 08:04 2281541                    /home/araneta/.cursor/extensions/redhat.java-1.42.0-linux-x64/jre/21.0.7-linux-x86_64/lib/server/libjvm.so
7f1c5ad95000-7f1c5adc5000 rw-p 014e3000 08:04 2281541                    /home/araneta/.cursor/extensions/redhat.java-1.42.0-linux-x64/jre/21.0.7-linux-x86_64/lib/server/libjvm.so
7f1c5adc5000-7f1c5ae2f000 rw-p 00000000 00:00 0 
7f1c5ae2f000-7f1c5ae57000 r--p 00000000 08:04 1312661                    /usr/lib/x86_64-linux-gnu/libc.so.6
7f1c5ae57000-7f1c5afec000 r-xp 00028000 08:04 1312661                    /usr/lib/x86_64-linux-gnu/libc.so.6
7f1c5afec000-7f1c5b044000 r--p 001bd000 08:04 1312661                    /usr/lib/x86_64-linux-gnu/libc.so.6
7f1c5b044000-7f1c5b045000 ---p 00215000 08:04 1312661                    /usr/lib/x86_64-linux-gnu/libc.so.6
7f1c5b045000-7f1c5b049000 r--p 00215000 08:04 1312661                    /usr/lib/x86_64-linux-gnu/libc.so.6
7f1c5b049000-7f1c5b04b000 rw-p 00219000 08:04 1312661                    /usr/lib/x86_64-linux-gnu/libc.so.6
7f1c5b04b000-7f1c5b058000 rw-p 00000000 00:00 0 
7f1c5b058000-7f1c5b059000 r--p 00000000 08:04 1312666                    /usr/lib/x86_64-linux-gnu/libdl.so.2
7f1c5b059000-7f1c5b05a000 r-xp 00001000 08:04 1312666                    /usr/lib/x86_64-linux-gnu/libdl.so.2
7f1c5b05a000-7f1c5b05b000 r--p 00002000 08:04 1312666                    /usr/lib/x86_64-linux-gnu/libdl.so.2
7f1c5b05b000-7f1c5b05c000 r--p 00002000 08:04 1312666                    /usr/lib/x86_64-linux-gnu/libdl.so.2
7f1c5b05c000-7f1c5b05d000 rw-p 00003000 08:04 1312666                    /usr/lib/x86_64-linux-gnu/libdl.so.2
7f1c5b05d000-7f1c5b05e000 r--p 00000000 08:04 1312698                    /usr/lib/x86_64-linux-gnu/libpthread.so.0
7f1c5b05e000-7f1c5b05f000 r-xp 00001000 08:04 1312698                    /usr/lib/x86_64-linux-gnu/libpthread.so.0
7f1c5b05f000-7f1c5b060000 r--p 00002000 08:04 1312698                    /usr/lib/x86_64-linux-gnu/libpthread.so.0
7f1c5b060000-7f1c5b061000 r--p 00002000 08:04 1312698                    /usr/lib/x86_64-linux-gnu/libpthread.so.0
7f1c5b061000-7f1c5b062000 rw-p 00003000 08:04 1312698                    /usr/lib/x86_64-linux-gnu/libpthread.so.0
7f1c5b063000-7f1c5b064000 r--p 00000000 08:04 1321026                    /usr/lib/x86_64-linux-gnu/libnss_mdns4_minimal.so.2
7f1c5b064000-7f1c5b066000 r-xp 00001000 08:04 1321026                    /usr/lib/x86_64-linux-gnu/libnss_mdns4_minimal.so.2
7f1c5b066000-7f1c5b067000 r--p 00003000 08:04 1321026                    /usr/lib/x86_64-linux-gnu/libnss_mdns4_minimal.so.2
7f1c5b067000-7f1c5b068000 r--p 00003000 08:04 1321026                    /usr/lib/x86_64-linux-gnu/libnss_mdns4_minimal.so.2
7f1c5b068000-7f1c5b069000 rw-p 00004000 08:04 1321026                    /usr/lib/x86_64-linux-gnu/libnss_mdns4_minimal.so.2
7f1c5b069000-7f1c5b073000 r-xp 00000000 08:04 2281500                    /home/araneta/.cursor/extensions/redhat.java-1.42.0-linux-x64/jre/21.0.7-linux-x86_64/lib/libinstrument.so
7f1c5b073000-7f1c5b074000 ---p 0000a000 08:04 2281500                    /home/araneta/.cursor/extensions/redhat.java-1.42.0-linux-x64/jre/21.0.7-linux-x86_64/lib/libinstrument.so
7f1c5b074000-7f1c5b075000 r--p 0000a000 08:04 2281500                    /home/araneta/.cursor/extensions/redhat.java-1.42.0-linux-x64/jre/21.0.7-linux-x86_64/lib/libinstrument.so
7f1c5b075000-7f1c5b076000 rw-p 0000b000 08:04 2281500                    /home/araneta/.cursor/extensions/redhat.java-1.42.0-linux-x64/jre/21.0.7-linux-x86_64/lib/libinstrument.so
7f1c5b076000-7f1c5b077000 ---p 00000000 00:00 0 
7f1c5b077000-7f1c5b078000 r--p 00000000 00:00 0 
7f1c5b078000-7f1c5b091000 r-xp 00000000 08:04 2281510                    /home/araneta/.cursor/extensions/redhat.java-1.42.0-linux-x64/jre/21.0.7-linux-x86_64/lib/libjli.so
7f1c5b091000-7f1c5b092000 r--p 00018000 08:04 2281510                    /home/araneta/.cursor/extensions/redhat.java-1.42.0-linux-x64/jre/21.0.7-linux-x86_64/lib/libjli.so
7f1c5b092000-7f1c5b093000 rw-p 00019000 08:04 2281510                    /home/araneta/.cursor/extensions/redhat.java-1.42.0-linux-x64/jre/21.0.7-linux-x86_64/lib/libjli.so
7f1c5b093000-7f1c5b095000 rw-p 00000000 00:00 0 
7f1c5b095000-7f1c5b097000 r--p 00000000 08:04 1312461                    /usr/lib/x86_64-linux-gnu/ld-linux-x86-64.so.2
7f1c5b097000-7f1c5b0c1000 r-xp 00002000 08:04 1312461                    /usr/lib/x86_64-linux-gnu/ld-linux-x86-64.so.2
7f1c5b0c1000-7f1c5b0cc000 r--p 0002c000 08:04 1312461                    /usr/lib/x86_64-linux-gnu/ld-linux-x86-64.so.2
7f1c5b0cc000-7f1c5b0cd000 ---p 00000000 00:00 0 
7f1c5b0cd000-7f1c5b0cf000 r--p 00037000 08:04 1312461                    /usr/lib/x86_64-linux-gnu/ld-linux-x86-64.so.2
7f1c5b0cf000-7f1c5b0d1000 rw-p 00039000 08:04 1312461                    /usr/lib/x86_64-linux-gnu/ld-linux-x86-64.so.2
7fff503dd000-7fff503ff000 rw-p 00000000 00:00 0                          [stack]
7fff50556000-7fff5055a000 r--p 00000000 00:00 0                          [vvar]
7fff5055a000-7fff5055c000 r-xp 00000000 00:00 0                          [vdso]
ffffffffff600000-ffffffffff601000 --xp 00000000 00:00 0                  [vsyscall]
Total number of mappings: 353


VM Arguments:
jvm_args: --add-modules=ALL-SYSTEM --add-opens=java.base/java.util=ALL-UNNAMED --add-opens=java.base/java.lang=ALL-UNNAMED --add-opens=java.base/sun.nio.fs=ALL-UNNAMED -Declipse.application=org.eclipse.jdt.ls.core.id1 -Dosgi.bundles.defaultStartLevel=4 -Declipse.product=org.eclipse.jdt.ls.core.product -Djava.import.generatesMetadataFilesAtProjectRoot=false -DDetectVMInstallationsJob.disabled=true -Dfile.encoding=utf8 -XX:+UseParallelGC -XX:GCTimeRatio=4 -XX:AdaptiveSizePolicyWeight=90 -Dsun.zip.disableMemoryMapping=true -Xmx1G -Xms100m -Xlog:disable -javaagent:/home/araneta/.cursor/extensions/redhat.java-1.42.0-linux-x64/lombok/lombok-1.18.36.jar -XX:+HeapDumpOnOutOfMemoryError -XX:HeapDumpPath=/home/araneta/.config/Cursor/User/workspaceStorage/cda908fe1cb6b4d1cbafae49d538d517/redhat.java -Daether.dependencyCollector.impl=bf 
java_command: /home/araneta/.cursor/extensions/redhat.java-1.42.0-linux-x64/server/plugins/org.eclipse.equinox.launcher_1.7.0.v20250424-1814.jar -configuration /home/araneta/.config/Cursor/User/globalStorage/redhat.java/1.42.0/config_linux -data /home/araneta/.config/Cursor/User/workspaceStorage/cda908fe1cb6b4d1cbafae49d538d517/redhat.java/jdt_ws --pipe=/run/user/1000/lsp-e4fbc02683b820b6f573589bbcae7cf7.sock
java_class_path (initial): /home/araneta/.cursor/extensions/redhat.java-1.42.0-linux-x64/server/plugins/org.eclipse.equinox.launcher_1.7.0.v20250424-1814.jar
Launcher Type: SUN_STANDARD

[Global flags]
    uintx AdaptiveSizePolicyWeight                 = 90                                        {product} {command line}
     intx CICompilerCount                          = 3                                         {product} {ergonomic}
    uintx GCTimeRatio                              = 4                                         {product} {command line}
     bool HeapDumpOnOutOfMemoryError               = true                                   {manageable} {command line}
    ccstr HeapDumpPath                             = /home/araneta/.config/Cursor/User/workspaceStorage/cda908fe1cb6b4d1cbafae49d538d517/redhat.java         {manageable} {command line}
   size_t InitialHeapSize                          = 104857600                                 {product} {command line}
   size_t MaxHeapSize                              = 1073741824                                {product} {command line}
   size_t MaxNewSize                               = 357564416                                 {product} {ergonomic}
   size_t MinHeapDeltaBytes                        = 524288                                    {product} {ergonomic}
   size_t MinHeapSize                              = 104857600                                 {product} {command line}
   size_t NewSize                                  = 34603008                                  {product} {ergonomic}
    uintx NonNMethodCodeHeapSize                   = 5832780                                {pd product} {ergonomic}
    uintx NonProfiledCodeHeapSize                  = 122912730                              {pd product} {ergonomic}
   size_t OldSize                                  = 70254592                                  {product} {ergonomic}
    uintx ProfiledCodeHeapSize                     = 122912730                              {pd product} {ergonomic}
    uintx ReservedCodeCacheSize                    = 251658240                              {pd product} {ergonomic}
     bool SegmentedCodeCache                       = true                                      {product} {ergonomic}
   size_t SoftMaxHeapSize                          = 1073741824                             {manageable} {ergonomic}
     bool UseCompressedOops                        = true                           {product lp64_product} {ergonomic}
     bool UseParallelGC                            = true                                      {product} {command line}

Logging:
Log output configuration:
 #0: stdout all=off uptime,level,tags foldmultilines=false
 #1: stderr all=off uptime,level,tags foldmultilines=false

Environment Variables:
PATH=/home/araneta/.local/bin:/home/araneta/.sdkman/candidates/gradle/current/bin:/home/araneta/.nvm/versions/node/v22.14.0/bin:/tmp/.mount_Cursora9EBsl/usr/bin/:/tmp/.mount_Cursora9EBsl/usr/sbin/:/tmp/.mount_Cursora9EBsl/usr/games/:/tmp/.mount_Cursora9EBsl/bin/:/tmp/.mount_Cursora9EBsl/sbin/:/home/araneta/.local/bin:/usr/local/sbin:/usr/local/bin:/usr/sbin:/usr/bin:/sbin:/bin:/usr/games:/usr/local/games:/snap/bin
LD_LIBRARY_PATH=/tmp/.mount_Cursora9EBsl/usr/lib/:/tmp/.mount_Cursora9EBsl/usr/lib32/:/tmp/.mount_Cursora9EBsl/usr/lib64/:/tmp/.mount_Cursora9EBsl/lib/:/tmp/.mount_Cursora9EBsl/lib/i386-linux-gnu/:/tmp/.mount_Cursora9EBsl/lib/x86_64-linux-gnu/:/tmp/.mount_Cursora9EBsl/lib/aarch64-linux-gnu/:/tmp/.mount_Cursora9EBsl/lib32/:/tmp/.mount_Cursora9EBsl/lib64/:
SHELL=/bin/bash
DISPLAY=:0
LANG=en_US.UTF-8

Active Locale:
LC_ALL=en_US.UTF-8
LC_COLLATE=en_US.UTF-8
LC_CTYPE=en_US.UTF-8
LC_MESSAGES=en_US.UTF-8
LC_MONETARY=en_US.UTF-8
LC_NUMERIC=en_US.UTF-8
LC_TIME=en_US.UTF-8

Signal Handlers:
   SIGSEGV: crash_handler in libjvm.so, mask=11100100010111111101111111111110, flags=SA_RESTART|SA_SIGINFO, unblocked
    SIGBUS: crash_handler in libjvm.so, mask=11100100010111111101111111111110, flags=SA_RESTART|SA_SIGINFO, unblocked
    SIGFPE: crash_handler in libjvm.so, mask=11100100010111111101111111111110, flags=SA_RESTART|SA_SIGINFO, unblocked
   SIGPIPE: javaSignalHandler in libjvm.so, mask=11100100010111111101111111111110, flags=SA_RESTART|SA_SIGINFO, blocked
   SIGXFSZ: javaSignalHandler in libjvm.so, mask=11100100010111111101111111111110, flags=SA_RESTART|SA_SIGINFO, blocked
    SIGILL: crash_handler in libjvm.so, mask=11100100010111111101111111111110, flags=SA_RESTART|SA_SIGINFO, unblocked
   SIGUSR2: SR_handler in libjvm.so, mask=00000000000000000000000000000000, flags=SA_RESTART|SA_SIGINFO, blocked
    SIGHUP: UserHandler in libjvm.so, mask=11100100010111111101111111111110, flags=SA_RESTART|SA_SIGINFO, blocked
    SIGINT: UserHandler in libjvm.so, mask=11100100010111111101111111111110, flags=SA_RESTART|SA_SIGINFO, blocked
   SIGTERM: UserHandler in libjvm.so, mask=11100100010111111101111111111110, flags=SA_RESTART|SA_SIGINFO, blocked
   SIGQUIT: UserHandler in libjvm.so, mask=11100100010111111101111111111110, flags=SA_RESTART|SA_SIGINFO, blocked
   SIGTRAP: crash_handler in libjvm.so, mask=11100100010111111101111111111110, flags=SA_RESTART|SA_SIGINFO, unblocked


Periodic native trim disabled

---------------  S Y S T E M  ---------------

OS:
DISTRIB_ID=LinuxMint
DISTRIB_RELEASE=21.2
DISTRIB_CODENAME=victoria
DISTRIB_DESCRIPTION="Linux Mint 21.2 Victoria"
uname: Linux 5.15.0-131-generic #141-Ubuntu SMP Fri Jan 10 21:18:28 UTC 2025 x86_64
OS uptime: 0 days 0:46 hours
libc: glibc 2.35 NPTL 2.35 
rlimit (soft/hard): STACK 8192k/infinity , CORE 0k/infinity , NPROC 30782/30782 , NOFILE 1048576/1048576 , AS infinity/infinity , CPU infinity/infinity , DATA infinity/infinity , FSIZE infinity/infinity , MEMLOCK 1000840k/1000840k
load average: 2.48 2.62 1.53

/proc/meminfo:
MemTotal:        8006732 kB
MemFree:          156152 kB
MemAvailable:    1719968 kB
Buffers:          163028 kB
Cached:          1769156 kB
SwapCached:          316 kB
Active:          1051584 kB
Inactive:        6301036 kB
Active(anon):     126096 kB
Inactive(anon):  5542152 kB
Active(file):     925488 kB
Inactive(file):   758884 kB
Unevictable:       13220 kB
Mlocked:              48 kB
SwapTotal:       2097148 kB
SwapFree:        2004476 kB
Dirty:               296 kB
Writeback:           168 kB
AnonPages:       5433956 kB
Mapped:           932736 kB
Shmem:            247284 kB
KReclaimable:     207084 kB
Slab:             320764 kB
SReclaimable:     207084 kB
SUnreclaim:       113680 kB
KernelStack:       19824 kB
PageTables:        67476 kB
NFS_Unstable:          0 kB
Bounce:                0 kB
WritebackTmp:          0 kB
CommitLimit:     6100512 kB
Committed_AS:   30790824 kB
VmallocTotal:   34359738367 kB
VmallocUsed:       55600 kB
VmallocChunk:          0 kB
Percpu:             3280 kB
HardwareCorrupted:     0 kB
AnonHugePages:         0 kB
ShmemHugePages:        0 kB
ShmemPmdMapped:        0 kB
FileHugePages:         0 kB
FilePmdMapped:         0 kB
HugePages_Total:       0
HugePages_Free:        0
HugePages_Rsvd:        0
HugePages_Surp:        0
Hugepagesize:       2048 kB
Hugetlb:               0 kB
DirectMap4k:      341512 kB
DirectMap2M:     6877184 kB
DirectMap1G:     2097152 kB

/sys/kernel/mm/transparent_hugepage/enabled: always [madvise] never
/sys/kernel/mm/transparent_hugepage/hpage_pmd_size: 2097152
/sys/kernel/mm/transparent_hugepage/defrag (defrag/compaction efforts parameter): always defer defer+madvise [madvise] never

Process Memory:
Virtual Size: 4848056K (peak: 4861476K)
Resident Set Size: 950984K (peak: 950988K) (anon: 792136K, file: 158848K, shmem: 0K)
Swapped out: 0K
C-Heap outstanding allocations: 124216K, retained: 33615K
glibc malloc tunables: (default)

/proc/sys/kernel/threads-max (system-wide limit on the number of threads): 61564
/proc/sys/vm/max_map_count (maximum number of memory map areas a process may have): 65530
/proc/sys/vm/swappiness (control to define how aggressively the kernel swaps out anonymous memory): 60
/proc/sys/kernel/pid_max (system-wide limit on number of process identifiers): 4194304

container (cgroup) information:
container_type: cgroupv2
cpu_cpuset_cpus: not supported
cpu_memory_nodes: not supported
active_processor_count: 4
cpu_quota: not supported
cpu_period: not supported
cpu_shares: not supported
memory_limit_in_bytes: unlimited
memory_and_swap_limit_in_bytes: unlimited
memory_soft_limit_in_bytes: unlimited
memory_usage_in_bytes: 4751776 k
memory_max_usage_in_bytes: not supported
memory_swap_current_in_bytes: 80188 k
memory_swap_max_limit_in_bytes: unlimited
maximum number of tasks: 9234
current number of tasks: 635

Steal ticks since vm start: 0
Steal ticks percentage since vm start:  0.000

CPU: total 4 (initial active 4) (2 cores per cpu, 2 threads per core) family 6 model 60 stepping 3 microcode 0x28, cx8, cmov, fxsr, ht, mmx, sse, sse2, sse3, ssse3, sse4.1, sse4.2, popcnt, lzcnt, tsc, tscinvbit, avx, avx2, aes, erms, clmul, bmi1, bmi2, fma, vzeroupper, clflush, rdtscp, f16c
CPU Model and flags from /proc/cpuinfo:
model name	: Intel(R) Core(TM) i3-4130 CPU @ 3.40GHz
flags		: fpu vme de pse tsc msr pae mce cx8 apic sep mtrr pge mca cmov pat pse36 clflush dts acpi mmx fxsr sse sse2 ss ht tm pbe syscall nx pdpe1gb rdtscp lm constant_tsc arch_perfmon pebs bts rep_good nopl xtopology nonstop_tsc cpuid aperfmperf pni pclmulqdq dtes64 monitor ds_cpl vmx est tm2 ssse3 sdbg fma cx16 xtpr pdcm pcid sse4_1 sse4_2 movbe popcnt tsc_deadline_timer aes xsave avx f16c rdrand lahf_lm abm cpuid_fault invpcid_single pti ssbd ibrs ibpb stibp tpr_shadow vnmi flexpriority ept vpid ept_ad fsgsbase tsc_adjust bmi1 avx2 smep bmi2 erms invpcid xsaveopt dtherm arat pln pts md_clear flush_l1d

Online cpus: 0-3
Offline cpus: 
BIOS frequency limitation: <Not Available>
Frequency switch latency (ns): 20000
Available cpu frequencies: <Not Available>
Current governor: schedutil
Core performance/turbo boost: <Not Available>

Memory: 4k page, physical 8006732k(1736624k free), swap 2097148k(2004220k free)
Page Sizes: 4k

vm_info: OpenJDK 64-Bit Server VM (21.0.7+6-LTS) for linux-amd64 JRE (21.0.7+6-LTS), built on 2025-04-15T00:00:00Z by "admin" with gcc 11.3.0

END.
